<?xml version="1.0" encoding="UTF-8"?>
<!-- Generated by org.testng.reporters.JUnitReportReporter -->
<testsuite skipped="0" hostname="DESKTOP-JIC27MP" name="com.qa.service.DoorServiceUnitTest" tests="5" failures="0" timestamp="20 May 2020 11:21:23 GMT" time="0.653" errors="0">
  <testcase name="findDoorByIDTest" time="0.124" classname="com.qa.service.DoorServiceUnitTest"/>
  <testcase name="deleteDoorTest" time="0.127" classname="com.qa.service.DoorServiceUnitTest"/>
  <testcase name="createDoorTest" time="0.137" classname="com.qa.service.DoorServiceUnitTest"/>
  <testcase name="readDoorsTest" time="0.134" classname="com.qa.service.DoorServiceUnitTest"/>
  <testcase name="updateDoorsTest" time="0.131" classname="com.qa.service.DoorServiceUnitTest"/>
</testsuite> <!-- com.qa.service.DoorServiceUnitTest -->
