<?xml version="1.0" encoding="UTF-8"?>
<!-- Generated by org.testng.reporters.JUnitReportReporter -->
<testsuite skipped="0" hostname="DESKTOP-JIC27MP" name="com.qa.rest.LiftControllerUnitTest" tests="5" failures="0" timestamp="20 May 2020 11:21:23 GMT" time="0.141" errors="0">
  <testcase name="getAllLiftsTest" time="0.024" classname="com.qa.rest.LiftControllerUnitTest"/>
  <testcase name="findLiftByIDTest" time="0.027" classname="com.qa.rest.LiftControllerUnitTest"/>
  <testcase name="deleteLiftTest" time="0.026" classname="com.qa.rest.LiftControllerUnitTest"/>
  <testcase name="createLiftTest" time="0.033" classname="com.qa.rest.LiftControllerUnitTest"/>
  <testcase name="updateLiftsTest" time="0.031" classname="com.qa.rest.LiftControllerUnitTest"/>
</testsuite> <!-- com.qa.rest.LiftControllerUnitTest -->
