<?xml version="1.0" encoding="UTF-8"?>
<!-- Generated by org.testng.reporters.JUnitReportReporter -->
<testsuite skipped="0" hostname="DESKTOP-JIC27MP" name="com.qa.rest.ManufacturerControllerUnitTest" tests="5" failures="0" timestamp="20 May 2020 11:21:23 GMT" time="0.115" errors="0">
  <testcase name="deleteManufacturerTest" time="0.024" classname="com.qa.rest.ManufacturerControllerUnitTest"/>
  <testcase name="findManufacturerByIDTest" time="0.025" classname="com.qa.rest.ManufacturerControllerUnitTest"/>
  <testcase name="getAllManufacturersTest" time="0.021" classname="com.qa.rest.ManufacturerControllerUnitTest"/>
  <testcase name="createManufacturerTest" time="0.022" classname="com.qa.rest.ManufacturerControllerUnitTest"/>
  <testcase name="updateManufacturersTest" time="0.023" classname="com.qa.rest.ManufacturerControllerUnitTest"/>
</testsuite> <!-- com.qa.rest.ManufacturerControllerUnitTest -->
