<?xml version="1.0" encoding="UTF-8"?>
<!-- Generated by org.testng.reporters.JUnitReportReporter -->
<testsuite skipped="0" hostname="DESKTOP-JIC27MP" name="com.qa.service.LiftServiceUnitTest" tests="5" failures="0" timestamp="20 May 2020 11:21:23 GMT" time="0.174" errors="0">
  <testcase name="readLiftsTest" time="0.027" classname="com.qa.service.LiftServiceUnitTest"/>
  <testcase name="createLiftTest" time="0.043" classname="com.qa.service.LiftServiceUnitTest"/>
  <testcase name="findLiftByIDTest" time="0.034" classname="com.qa.service.LiftServiceUnitTest"/>
  <testcase name="deleteLiftTest" time="0.031" classname="com.qa.service.LiftServiceUnitTest"/>
  <testcase name="updateLiftsTest" time="0.039" classname="com.qa.service.LiftServiceUnitTest"/>
</testsuite> <!-- com.qa.service.LiftServiceUnitTest -->
