<?xml version="1.0" encoding="UTF-8"?>
<!-- Generated by org.testng.reporters.JUnitReportReporter -->
<testsuite skipped="0" hostname="DESKTOP-JIC27MP" name="com.qa.domain.WindowUnitTest" tests="10" failures="0" timestamp="20 May 2020 11:21:23 GMT" time="0.011" errors="0">
  <testcase name="checkEquality" time="0.001" classname="com.qa.domain.WindowUnitTest"/>
  <testcase name="createWindowWithId" time="0.001" classname="com.qa.domain.WindowUnitTest"/>
  <testcase name="checkEqualityBetweenDifferentObjects" time="0.001" classname="com.qa.domain.WindowUnitTest"/>
  <testcase name="hashCodeTestWithNull" time="0.002" classname="com.qa.domain.WindowUnitTest"/>
  <testcase name="emptyConstructor" time="0.001" classname="com.qa.domain.WindowUnitTest"/>
  <testcase name="windowIdNotEqual" time="0.002" classname="com.qa.domain.WindowUnitTest"/>
  <testcase name="hashCodeTest" time="0.001" classname="com.qa.domain.WindowUnitTest"/>
  <testcase name="equalsWithDifferentObject" time="0.001" classname="com.qa.domain.WindowUnitTest"/>
  <testcase name="equalsWithNull" time="0.001" classname="com.qa.domain.WindowUnitTest"/>
  <testcase name="constructorWithoutId" time="0.000" classname="com.qa.domain.WindowUnitTest"/>
</testsuite> <!-- com.qa.domain.WindowUnitTest -->
