<?xml version="1.0" encoding="UTF-8"?>
<!-- Generated by org.testng.reporters.JUnitReportReporter -->
<testsuite skipped="0" hostname="DESKTOP-JIC27MP" name="com.qa.service.LiftServiceIntegrationTest" tests="5" failures="0" timestamp="20 May 2020 11:21:23 GMT" time="55.207" errors="0">
  <testcase name="testCreateLift" time="14.224" classname="com.qa.service.LiftServiceIntegrationTest"/>
  <testcase name="testDeleteLift" time="18.886" classname="com.qa.service.LiftServiceIntegrationTest"/>
  <testcase name="testFindLiftByID" time="3.514" classname="com.qa.service.LiftServiceIntegrationTest"/>
  <testcase name="testUpdateLift" time="7.523" classname="com.qa.service.LiftServiceIntegrationTest"/>
  <testcase name="testReadLifts" time="11.060" classname="com.qa.service.LiftServiceIntegrationTest"/>
</testsuite> <!-- com.qa.service.LiftServiceIntegrationTest -->
