<?xml version="1.0" encoding="UTF-8"?>
<!-- Generated by org.testng.reporters.JUnitReportReporter -->
<testsuite skipped="0" hostname="DESKTOP-JIC27MP" name="com.qa.domain.DoorUnitTest" tests="10" failures="0" timestamp="20 May 2020 11:21:23 GMT" time="0.136" errors="0">
  <testcase name="equalsWithDifferentObject" time="0.014" classname="com.qa.domain.DoorUnitTest"/>
  <testcase name="hashCodeTest" time="0.014" classname="com.qa.domain.DoorUnitTest"/>
  <testcase name="emptyConstructor" time="0.014" classname="com.qa.domain.DoorUnitTest"/>
  <testcase name="checkEqualityBetweenDifferentObjects" time="0.013" classname="com.qa.domain.DoorUnitTest"/>
  <testcase name="doorIdNotEqual" time="0.014" classname="com.qa.domain.DoorUnitTest"/>
  <testcase name="equalsWithNull" time="0.014" classname="com.qa.domain.DoorUnitTest"/>
  <testcase name="constructorWithoutId" time="0.013" classname="com.qa.domain.DoorUnitTest"/>
  <testcase name="createDoorWithId" time="0.013" classname="com.qa.domain.DoorUnitTest"/>
  <testcase name="hashCodeTestWithNull" time="0.014" classname="com.qa.domain.DoorUnitTest"/>
  <testcase name="checkEquality" time="0.013" classname="com.qa.domain.DoorUnitTest"/>
</testsuite> <!-- com.qa.domain.DoorUnitTest -->
