<?xml version="1.0" encoding="UTF-8"?>
<!-- Generated by org.testng.reporters.JUnitReportReporter -->
<testsuite skipped="0" hostname="DESKTOP-JIC27MP" name="com.qa.rest.WindowControllerIntegrationTest" tests="5" failures="0" timestamp="20 May 2020 11:21:23 GMT" time="52.195" errors="0">
  <testcase name="testGetWindow" time="17.914" classname="com.qa.rest.WindowControllerIntegrationTest"/>
  <testcase name="testUpdateWindow" time="10.171" classname="com.qa.rest.WindowControllerIntegrationTest"/>
  <testcase name="testDeleteWindow" time="14.776" classname="com.qa.rest.WindowControllerIntegrationTest"/>
  <testcase name="testGetAllWindows" time="6.396" classname="com.qa.rest.WindowControllerIntegrationTest"/>
  <testcase name="testCreateWindow" time="2.938" classname="com.qa.rest.WindowControllerIntegrationTest"/>
</testsuite> <!-- com.qa.rest.WindowControllerIntegrationTest -->
