<?xml version="1.0" encoding="UTF-8"?>
<!-- Generated by org.testng.reporters.JUnitReportReporter -->
<testsuite skipped="0" hostname="DESKTOP-JIC27MP" name="com.qa.service.WindowServiceIntegrationTest" tests="5" failures="0" timestamp="20 May 2020 11:21:23 GMT" time="51.848" errors="0">
  <testcase name="testFindWindowByID" time="6.362" classname="com.qa.service.WindowServiceIntegrationTest"/>
  <testcase name="testReadWindows" time="9.910" classname="com.qa.service.WindowServiceIntegrationTest"/>
  <testcase name="testUpdateWindow" time="13.961" classname="com.qa.service.WindowServiceIntegrationTest"/>
  <testcase name="testCreateWindow" time="2.969" classname="com.qa.service.WindowServiceIntegrationTest"/>
  <testcase name="testDeleteWindow" time="18.646" classname="com.qa.service.WindowServiceIntegrationTest"/>
</testsuite> <!-- com.qa.service.WindowServiceIntegrationTest -->
