<?xml version="1.0" encoding="UTF-8"?>
<!-- Generated by org.testng.reporters.JUnitReportReporter -->
<testsuite skipped="0" hostname="DESKTOP-JIC27MP" name="com.qa.rest.DoorControllerUnitTest" tests="5" failures="0" timestamp="20 May 2020 11:21:23 GMT" time="0.681" errors="0">
  <testcase name="updateDoorsTest" time="0.136" classname="com.qa.rest.DoorControllerUnitTest"/>
  <testcase name="deleteDoorTest" time="0.135" classname="com.qa.rest.DoorControllerUnitTest"/>
  <testcase name="findDoorByIDTest" time="0.133" classname="com.qa.rest.DoorControllerUnitTest"/>
  <testcase name="getAllDoorsTest" time="0.138" classname="com.qa.rest.DoorControllerUnitTest"/>
  <testcase name="createDoorTest" time="0.139" classname="com.qa.rest.DoorControllerUnitTest"/>
</testsuite> <!-- com.qa.rest.DoorControllerUnitTest -->
