<?xml version="1.0" encoding="UTF-8"?>
<!-- Generated by org.testng.reporters.JUnitReportReporter -->
<testsuite skipped="0" hostname="DESKTOP-JIC27MP" name="com.qa.rest.ManufacturerControllerIntegrationTest" tests="5" failures="0" timestamp="20 May 2020 11:21:23 GMT" time="71.200" errors="0">
  <testcase name="testCreateManufacturer" time="5.722" classname="com.qa.rest.ManufacturerControllerIntegrationTest"/>
  <testcase name="testGetAllManufacturers" time="18.178" classname="com.qa.rest.ManufacturerControllerIntegrationTest"/>
  <testcase name="testDeleteManufacturer" time="10.509" classname="com.qa.rest.ManufacturerControllerIntegrationTest"/>
  <testcase name="testGetManufacturer" time="14.303" classname="com.qa.rest.ManufacturerControllerIntegrationTest"/>
  <testcase name="testUpdateManufacturer" time="22.488" classname="com.qa.rest.ManufacturerControllerIntegrationTest"/>
</testsuite> <!-- com.qa.rest.ManufacturerControllerIntegrationTest -->
