<?xml version="1.0" encoding="UTF-8"?>
<!-- Generated by org.testng.reporters.JUnitReportReporter -->
<testsuite skipped="0" hostname="DESKTOP-JIC27MP" name="com.qa.dto.DoorDTOUnitTest" tests="10" failures="0" timestamp="20 May 2020 11:21:23 GMT" time="0.012" errors="0">
  <testcase name="createDoorWithId" time="0.001" classname="com.qa.dto.DoorDTOUnitTest"/>
  <testcase name="doorIdNotEqual" time="0.002" classname="com.qa.dto.DoorDTOUnitTest"/>
  <testcase name="checkEquality" time="0.001" classname="com.qa.dto.DoorDTOUnitTest"/>
  <testcase name="hashCodeTest" time="0.001" classname="com.qa.dto.DoorDTOUnitTest"/>
  <testcase name="equalsWithNull" time="0.001" classname="com.qa.dto.DoorDTOUnitTest"/>
  <testcase name="checkEqualityBetweenDifferentObjects" time="0.001" classname="com.qa.dto.DoorDTOUnitTest"/>
  <testcase name="constructorWithoutId" time="0.001" classname="com.qa.dto.DoorDTOUnitTest"/>
  <testcase name="hashCodeTestWithNull" time="0.001" classname="com.qa.dto.DoorDTOUnitTest"/>
  <testcase name="equalsWithDifferentObject" time="0.002" classname="com.qa.dto.DoorDTOUnitTest"/>
  <testcase name="emptyConstructor" time="0.001" classname="com.qa.dto.DoorDTOUnitTest"/>
</testsuite> <!-- com.qa.dto.DoorDTOUnitTest -->
