<?xml version="1.0" encoding="UTF-8"?>
<!-- Generated by org.testng.reporters.JUnitReportReporter -->
<testsuite skipped="0" hostname="DESKTOP-JIC27MP" name="com.qa.service.WindowServiceUnitTest" tests="5" failures="0" timestamp="20 May 2020 11:21:23 GMT" time="0.214" errors="0">
  <testcase name="createWindowTest" time="0.039" classname="com.qa.service.WindowServiceUnitTest"/>
  <testcase name="findWindowByIDTest" time="0.035" classname="com.qa.service.WindowServiceUnitTest"/>
  <testcase name="updateWindowsTest" time="0.047" classname="com.qa.service.WindowServiceUnitTest"/>
  <testcase name="readWindowsTest" time="0.050" classname="com.qa.service.WindowServiceUnitTest"/>
  <testcase name="deleteWindowTest" time="0.043" classname="com.qa.service.WindowServiceUnitTest"/>
</testsuite> <!-- com.qa.service.WindowServiceUnitTest -->
