<?xml version="1.0" encoding="UTF-8"?>
<!-- Generated by org.testng.reporters.JUnitReportReporter -->
<testsuite skipped="0" hostname="DESKTOP-JIC27MP" name="com.qa.selenium.AppTest" tests="4" failures="0" timestamp="20 May 2020 11:18:33 GMT" time="60.258" errors="0">
  <testcase name="deleteLift" time="13.849" classname="com.qa.selenium.AppTest"/>
  <testcase name="registerAndCreateDoorAndViewWindow" time="25.836" classname="com.qa.selenium.AppTest"/>
  <testcase name="testRevitTitle" time="6.033" classname="com.qa.selenium.AppTest"/>
  <testcase name="updateWindow" time="14.540" classname="com.qa.selenium.AppTest"/>
</testsuite> <!-- com.qa.selenium.AppTest -->
