<?xml version="1.0" encoding="UTF-8"?>
<testsuite xmlns:xsi="http://www.w3.org/2001/XMLSchema-instance" xsi:noNamespaceSchemaLocation="https://maven.apache.org/surefire/maven-surefire-plugin/xsd/surefire-test-report.xsd" name="TestSuite" time="251.092" tests="160" errors="0" skipped="0" failures="0">
  <properties>
    <property name="sun.desktop" value="windows"/>
    <property name="awt.toolkit" value="sun.awt.windows.WToolkit"/>
    <property name="file.encoding.pkg" value="sun.io"/>
    <property name="java.specification.version" value="1.8"/>
    <property name="sun.cpu.isalist" value="amd64"/>
    <property name="sun.jnu.encoding" value="Cp1252"/>
    <property name="java.class.path" value="C:\Users\KMRRi\OneDrive\Desktop\Projects\Final\Info-Revit\target\test-classes;C:\Users\KMRRi\OneDrive\Desktop\Projects\Final\Info-Revit\target\classes;C:\Users\KMRRi\.m2\repository\org\springframework\boot\spring-boot-starter-data-jpa\2.2.0.RELEASE\spring-boot-starter-data-jpa-2.2.0.RELEASE.jar;C:\Users\KMRRi\.m2\repository\org\springframework\boot\spring-boot-starter-aop\2.2.0.RELEASE\spring-boot-starter-aop-2.2.0.RELEASE.jar;C:\Users\KMRRi\.m2\repository\org\springframework\spring-aop\5.2.0.RELEASE\spring-aop-5.2.0.RELEASE.jar;C:\Users\KMRRi\.m2\repository\org\aspectj\aspectjweaver\1.9.4\aspectjweaver-1.9.4.jar;C:\Users\KMRRi\.m2\repository\org\springframework\boot\spring-boot-starter-jdbc\2.2.0.RELEASE\spring-boot-starter-jdbc-2.2.0.RELEASE.jar;C:\Users\KMRRi\.m2\repository\com\zaxxer\HikariCP\3.4.1\HikariCP-3.4.1.jar;C:\Users\KMRRi\.m2\repository\org\springframework\spring-jdbc\5.2.0.RELEASE\spring-jdbc-5.2.0.RELEASE.jar;C:\Users\KMRRi\.m2\repository\jakarta\activation\jakarta.activation-api\1.2.1\jakarta.activation-api-1.2.1.jar;C:\Users\KMRRi\.m2\repository\jakarta\persistence\jakarta.persistence-api\2.2.3\jakarta.persistence-api-2.2.3.jar;C:\Users\KMRRi\.m2\repository\jakarta\transaction\jakarta.transaction-api\1.3.3\jakarta.transaction-api-1.3.3.jar;C:\Users\KMRRi\.m2\repository\org\hibernate\hibernate-core\5.4.6.Final\hibernate-core-5.4.6.Final.jar;C:\Users\KMRRi\.m2\repository\org\jboss\logging\jboss-logging\3.4.1.Final\jboss-logging-3.4.1.Final.jar;C:\Users\KMRRi\.m2\repository\org\javassist\javassist\3.24.0-GA\javassist-3.24.0-GA.jar;C:\Users\KMRRi\.m2\repository\net\bytebuddy\byte-buddy\1.10.1\byte-buddy-1.10.1.jar;C:\Users\KMRRi\.m2\repository\antlr\antlr\2.7.7\antlr-2.7.7.jar;C:\Users\KMRRi\.m2\repository\org\jboss\jandex\2.0.5.Final\jandex-2.0.5.Final.jar;C:\Users\KMRRi\.m2\repository\com\fasterxml\classmate\1.5.0\classmate-1.5.0.jar;C:\Users\KMRRi\.m2\repository\org\dom4j\dom4j\2.1.1\dom4j-2.1.1.jar;C:\Users\KMRRi\.m2\repository\org\hibernate\common\hibernate-commons-annotations\5.1.0.Final\hibernate-commons-annotations-5.1.0.Final.jar;C:\Users\KMRRi\.m2\repository\org\glassfish\jaxb\jaxb-runtime\2.3.2\jaxb-runtime-2.3.2.jar;C:\Users\KMRRi\.m2\repository\org\glassfish\jaxb\txw2\2.3.2\txw2-2.3.2.jar;C:\Users\KMRRi\.m2\repository\com\sun\istack\istack-commons-runtime\3.0.8\istack-commons-runtime-3.0.8.jar;C:\Users\KMRRi\.m2\repository\org\jvnet\staxex\stax-ex\1.8.1\stax-ex-1.8.1.jar;C:\Users\KMRRi\.m2\repository\com\sun\xml\fastinfoset\FastInfoset\1.2.16\FastInfoset-1.2.16.jar;C:\Users\KMRRi\.m2\repository\org\springframework\data\spring-data-jpa\2.2.0.RELEASE\spring-data-jpa-2.2.0.RELEASE.jar;C:\Users\KMRRi\.m2\repository\org\springframework\data\spring-data-commons\2.2.0.RELEASE\spring-data-commons-2.2.0.RELEASE.jar;C:\Users\KMRRi\.m2\repository\org\springframework\spring-orm\5.2.0.RELEASE\spring-orm-5.2.0.RELEASE.jar;C:\Users\KMRRi\.m2\repository\org\springframework\spring-context\5.2.0.RELEASE\spring-context-5.2.0.RELEASE.jar;C:\Users\KMRRi\.m2\repository\org\springframework\spring-tx\5.2.0.RELEASE\spring-tx-5.2.0.RELEASE.jar;C:\Users\KMRRi\.m2\repository\org\springframework\spring-beans\5.2.0.RELEASE\spring-beans-5.2.0.RELEASE.jar;C:\Users\KMRRi\.m2\repository\org\slf4j\slf4j-api\1.7.28\slf4j-api-1.7.28.jar;C:\Users\KMRRi\.m2\repository\org\springframework\spring-aspects\5.2.0.RELEASE\spring-aspects-5.2.0.RELEASE.jar;C:\Users\KMRRi\.m2\repository\mysql\mysql-connector-java\8.0.18\mysql-connector-java-8.0.18.jar;C:\Users\KMRRi\.m2\repository\org\springframework\boot\spring-boot-starter-test\2.2.0.RELEASE\spring-boot-starter-test-2.2.0.RELEASE.jar;C:\Users\KMRRi\.m2\repository\org\springframework\boot\spring-boot-starter\2.2.0.RELEASE\spring-boot-starter-2.2.0.RELEASE.jar;C:\Users\KMRRi\.m2\repository\org\springframework\boot\spring-boot\2.2.0.RELEASE\spring-boot-2.2.0.RELEASE.jar;C:\Users\KMRRi\.m2\repository\org\springframework\boot\spring-boot-autoconfigure\2.2.0.RELEASE\spring-boot-autoconfigure-2.2.0.RELEASE.jar;C:\Users\KMRRi\.m2\repository\org\springframework\boot\spring-boot-starter-logging\2.2.0.RELEASE\spring-boot-starter-logging-2.2.0.RELEASE.jar;C:\Users\KMRRi\.m2\repository\ch\qos\logback\logback-classic\1.2.3\logback-classic-1.2.3.jar;C:\Users\KMRRi\.m2\repository\ch\qos\logback\logback-core\1.2.3\logback-core-1.2.3.jar;C:\Users\KMRRi\.m2\repository\org\apache\logging\log4j\log4j-to-slf4j\2.12.1\log4j-to-slf4j-2.12.1.jar;C:\Users\KMRRi\.m2\repository\org\apache\logging\log4j\log4j-api\2.12.1\log4j-api-2.12.1.jar;C:\Users\KMRRi\.m2\repository\org\slf4j\jul-to-slf4j\1.7.28\jul-to-slf4j-1.7.28.jar;C:\Users\KMRRi\.m2\repository\org\springframework\boot\spring-boot-test\2.2.0.RELEASE\spring-boot-test-2.2.0.RELEASE.jar;C:\Users\KMRRi\.m2\repository\org\springframework\boot\spring-boot-test-autoconfigure\2.2.0.RELEASE\spring-boot-test-autoconfigure-2.2.0.RELEASE.jar;C:\Users\KMRRi\.m2\repository\com\jayway\jsonpath\json-path\2.4.0\json-path-2.4.0.jar;C:\Users\KMRRi\.m2\repository\net\minidev\json-smart\2.3\json-smart-2.3.jar;C:\Users\KMRRi\.m2\repository\net\minidev\accessors-smart\1.2\accessors-smart-1.2.jar;C:\Users\KMRRi\.m2\repository\org\ow2\asm\asm\5.0.4\asm-5.0.4.jar;C:\Users\KMRRi\.m2\repository\jakarta\xml\bind\jakarta.xml.bind-api\2.3.2\jakarta.xml.bind-api-2.3.2.jar;C:\Users\KMRRi\.m2\repository\org\junit\jupiter\junit-jupiter\5.5.2\junit-jupiter-5.5.2.jar;C:\Users\KMRRi\.m2\repository\org\junit\jupiter\junit-jupiter-api\5.5.2\junit-jupiter-api-5.5.2.jar;C:\Users\KMRRi\.m2\repository\org\opentest4j\opentest4j\1.2.0\opentest4j-1.2.0.jar;C:\Users\KMRRi\.m2\repository\org\junit\platform\junit-platform-commons\1.5.2\junit-platform-commons-1.5.2.jar;C:\Users\KMRRi\.m2\repository\org\junit\jupiter\junit-jupiter-params\5.5.2\junit-jupiter-params-5.5.2.jar;C:\Users\KMRRi\.m2\repository\org\junit\jupiter\junit-jupiter-engine\5.5.2\junit-jupiter-engine-5.5.2.jar;C:\Users\KMRRi\.m2\repository\org\junit\vintage\junit-vintage-engine\5.5.2\junit-vintage-engine-5.5.2.jar;C:\Users\KMRRi\.m2\repository\org\apiguardian\apiguardian-api\1.1.0\apiguardian-api-1.1.0.jar;C:\Users\KMRRi\.m2\repository\org\junit\platform\junit-platform-engine\1.5.2\junit-platform-engine-1.5.2.jar;C:\Users\KMRRi\.m2\repository\org\mockito\mockito-junit-jupiter\3.1.0\mockito-junit-jupiter-3.1.0.jar;C:\Users\KMRRi\.m2\repository\org\assertj\assertj-core\3.13.2\assertj-core-3.13.2.jar;C:\Users\KMRRi\.m2\repository\org\hamcrest\hamcrest\2.1\hamcrest-2.1.jar;C:\Users\KMRRi\.m2\repository\org\mockito\mockito-core\3.1.0\mockito-core-3.1.0.jar;C:\Users\KMRRi\.m2\repository\net\bytebuddy\byte-buddy-agent\1.10.1\byte-buddy-agent-1.10.1.jar;C:\Users\KMRRi\.m2\repository\org\objenesis\objenesis\2.6\objenesis-2.6.jar;C:\Users\KMRRi\.m2\repository\org\skyscreamer\jsonassert\1.5.0\jsonassert-1.5.0.jar;C:\Users\KMRRi\.m2\repository\com\vaadin\external\google\android-json\0.0.20131108.vaadin1\android-json-0.0.20131108.vaadin1.jar;C:\Users\KMRRi\.m2\repository\org\springframework\spring-core\5.2.0.RELEASE\spring-core-5.2.0.RELEASE.jar;C:\Users\KMRRi\.m2\repository\org\springframework\spring-jcl\5.2.0.RELEASE\spring-jcl-5.2.0.RELEASE.jar;C:\Users\KMRRi\.m2\repository\org\springframework\spring-test\5.2.0.RELEASE\spring-test-5.2.0.RELEASE.jar;C:\Users\KMRRi\.m2\repository\org\xmlunit\xmlunit-core\2.6.3\xmlunit-core-2.6.3.jar;C:\Users\KMRRi\.m2\repository\org\springframework\boot\spring-boot-starter-tomcat\2.2.0.RELEASE\spring-boot-starter-tomcat-2.2.0.RELEASE.jar;C:\Users\KMRRi\.m2\repository\jakarta\annotation\jakarta.annotation-api\1.3.5\jakarta.annotation-api-1.3.5.jar;C:\Users\KMRRi\.m2\repository\org\apache\tomcat\embed\tomcat-embed-core\9.0.27\tomcat-embed-core-9.0.27.jar;C:\Users\KMRRi\.m2\repository\org\apache\tomcat\embed\tomcat-embed-el\9.0.27\tomcat-embed-el-9.0.27.jar;C:\Users\KMRRi\.m2\repository\org\apache\tomcat\embed\tomcat-embed-websocket\9.0.27\tomcat-embed-websocket-9.0.27.jar;C:\Users\KMRRi\.m2\repository\org\springframework\boot\spring-boot-starter-web\2.2.0.RELEASE\spring-boot-starter-web-2.2.0.RELEASE.jar;C:\Users\KMRRi\.m2\repository\org\springframework\boot\spring-boot-starter-json\2.2.0.RELEASE\spring-boot-starter-json-2.2.0.RELEASE.jar;C:\Users\KMRRi\.m2\repository\com\fasterxml\jackson\core\jackson-databind\2.10.0\jackson-databind-2.10.0.jar;C:\Users\KMRRi\.m2\repository\com\fasterxml\jackson\core\jackson-annotations\2.10.0\jackson-annotations-2.10.0.jar;C:\Users\KMRRi\.m2\repository\com\fasterxml\jackson\core\jackson-core\2.10.0\jackson-core-2.10.0.jar;C:\Users\KMRRi\.m2\repository\com\fasterxml\jackson\datatype\jackson-datatype-jdk8\2.10.0\jackson-datatype-jdk8-2.10.0.jar;C:\Users\KMRRi\.m2\repository\com\fasterxml\jackson\datatype\jackson-datatype-jsr310\2.10.0\jackson-datatype-jsr310-2.10.0.jar;C:\Users\KMRRi\.m2\repository\com\fasterxml\jackson\module\jackson-module-parameter-names\2.10.0\jackson-module-parameter-names-2.10.0.jar;C:\Users\KMRRi\.m2\repository\org\springframework\boot\spring-boot-starter-validation\2.2.0.RELEASE\spring-boot-starter-validation-2.2.0.RELEASE.jar;C:\Users\KMRRi\.m2\repository\jakarta\validation\jakarta.validation-api\2.0.1\jakarta.validation-api-2.0.1.jar;C:\Users\KMRRi\.m2\repository\org\hibernate\validator\hibernate-validator\6.0.17.Final\hibernate-validator-6.0.17.Final.jar;C:\Users\KMRRi\.m2\repository\org\springframework\spring-web\5.2.0.RELEASE\spring-web-5.2.0.RELEASE.jar;C:\Users\KMRRi\.m2\repository\org\springframework\spring-webmvc\5.2.0.RELEASE\spring-webmvc-5.2.0.RELEASE.jar;C:\Users\KMRRi\.m2\repository\org\springframework\spring-expression\5.2.0.RELEASE\spring-expression-5.2.0.RELEASE.jar;C:\Users\KMRRi\.m2\repository\org\modelmapper\modelmapper\2.3.5\modelmapper-2.3.5.jar;C:\Users\KMRRi\.m2\repository\com\h2database\h2\1.4.199\h2-1.4.199.jar;C:\Users\KMRRi\.m2\repository\junit\junit\4.12\junit-4.12.jar;C:\Users\KMRRi\.m2\repository\org\hamcrest\hamcrest-core\2.1\hamcrest-core-2.1.jar;C:\Users\KMRRi\.m2\repository\org\seleniumhq\selenium\selenium-chrome-driver\2.53.1\selenium-chrome-driver-2.53.1.jar;C:\Users\KMRRi\.m2\repository\org\seleniumhq\selenium\selenium-remote-driver\3.141.59\selenium-remote-driver-3.141.59.jar;C:\Users\KMRRi\.m2\repository\org\seleniumhq\selenium\selenium-api\3.141.59\selenium-api-3.141.59.jar;C:\Users\KMRRi\.m2\repository\org\apache\commons\commons-exec\1.3\commons-exec-1.3.jar;C:\Users\KMRRi\.m2\repository\com\google\guava\guava\25.0-jre\guava-25.0-jre.jar;C:\Users\KMRRi\.m2\repository\com\google\code\findbugs\jsr305\1.3.9\jsr305-1.3.9.jar;C:\Users\KMRRi\.m2\repository\org\checkerframework\checker-compat-qual\2.0.0\checker-compat-qual-2.0.0.jar;C:\Users\KMRRi\.m2\repository\com\google\errorprone\error_prone_annotations\2.1.3\error_prone_annotations-2.1.3.jar;C:\Users\KMRRi\.m2\repository\com\google\j2objc\j2objc-annotations\1.1\j2objc-annotations-1.1.jar;C:\Users\KMRRi\.m2\repository\org\codehaus\mojo\animal-sniffer-annotations\1.14\animal-sniffer-annotations-1.14.jar;C:\Users\KMRRi\.m2\repository\com\squareup\okhttp3\okhttp\3.14.4\okhttp-3.14.4.jar;C:\Users\KMRRi\.m2\repository\com\squareup\okio\okio\1.14.0\okio-1.14.0.jar;C:\Users\KMRRi\.m2\repository\org\seleniumhq\selenium\selenium-support\2.53.1\selenium-support-2.53.1.jar;C:\Users\KMRRi\.m2\repository\com\google\code\gson\gson\2.8.6\gson-2.8.6.jar;C:\Users\KMRRi\.m2\repository\org\apache\maven\plugins\maven-surefire-plugin\2.19.1\maven-surefire-plugin-2.19.1.jar;C:\Users\KMRRi\.m2\repository\org\apache\maven\maven-plugin-api\2.2.1\maven-plugin-api-2.2.1.jar;C:\Users\KMRRi\.m2\repository\org\apache\maven\surefire\maven-surefire-common\2.19.1\maven-surefire-common-2.19.1.jar;C:\Users\KMRRi\.m2\repository\org\apache\maven\surefire\surefire-booter\2.19.1\surefire-booter-2.19.1.jar;C:\Users\KMRRi\.m2\repository\org\apache\maven\maven-artifact\2.2.1\maven-artifact-2.2.1.jar;C:\Users\KMRRi\.m2\repository\org\codehaus\plexus\plexus-utils\1.5.15\plexus-utils-1.5.15.jar;C:\Users\KMRRi\.m2\repository\org\apache\maven\maven-plugin-descriptor\2.2.1\maven-plugin-descriptor-2.2.1.jar;C:\Users\KMRRi\.m2\repository\org\codehaus\plexus\plexus-container-default\1.0-alpha-9-stable-1\plexus-container-default-1.0-alpha-9-stable-1.jar;C:\Users\KMRRi\.m2\repository\org\apache\maven\maven-project\2.2.1\maven-project-2.2.1.jar;C:\Users\KMRRi\.m2\repository\org\apache\maven\maven-settings\2.2.1\maven-settings-2.2.1.jar;C:\Users\KMRRi\.m2\repository\org\apache\maven\maven-profile\2.2.1\maven-profile-2.2.1.jar;C:\Users\KMRRi\.m2\repository\org\apache\maven\maven-artifact-manager\2.2.1\maven-artifact-manager-2.2.1.jar;C:\Users\KMRRi\.m2\repository\backport-util-concurrent\backport-util-concurrent\3.1\backport-util-concurrent-3.1.jar;C:\Users\KMRRi\.m2\repository\org\apache\maven\maven-plugin-registry\2.2.1\maven-plugin-registry-2.2.1.jar;C:\Users\KMRRi\.m2\repository\org\codehaus\plexus\plexus-interpolation\1.11\plexus-interpolation-1.11.jar;C:\Users\KMRRi\.m2\repository\org\apache\maven\maven-model\2.2.1\maven-model-2.2.1.jar;C:\Users\KMRRi\.m2\repository\org\apache\maven\maven-core\2.2.1\maven-core-2.2.1.jar;C:\Users\KMRRi\.m2\repository\org\apache\maven\maven-plugin-parameter-documenter\2.2.1\maven-plugin-parameter-documenter-2.2.1.jar;C:\Users\KMRRi\.m2\repository\org\apache\maven\wagon\wagon-http\1.0-beta-6\wagon-http-1.0-beta-6.jar;C:\Users\KMRRi\.m2\repository\org\apache\maven\wagon\wagon-http-shared\1.0-beta-6\wagon-http-shared-1.0-beta-6.jar;C:\Users\KMRRi\.m2\repository\nekohtml\xercesMinimal\1.9.6.2\xercesMinimal-1.9.6.2.jar;C:\Users\KMRRi\.m2\repository\nekohtml\nekohtml\1.9.6.2\nekohtml-1.9.6.2.jar;C:\Users\KMRRi\.m2\repository\commons-httpclient\commons-httpclient\3.1\commons-httpclient-3.1.jar;C:\Users\KMRRi\.m2\repository\org\apache\maven\wagon\wagon-webdav-jackrabbit\1.0-beta-6\wagon-webdav-jackrabbit-1.0-beta-6.jar;C:\Users\KMRRi\.m2\repository\org\apache\jackrabbit\jackrabbit-webdav\1.5.0\jackrabbit-webdav-1.5.0.jar;C:\Users\KMRRi\.m2\repository\org\apache\jackrabbit\jackrabbit-jcr-commons\1.5.0\jackrabbit-jcr-commons-1.5.0.jar;C:\Users\KMRRi\.m2\repository\org\slf4j\slf4j-nop\1.7.28\slf4j-nop-1.7.28.jar;C:\Users\KMRRi\.m2\repository\org\slf4j\slf4j-jdk14\1.7.28\slf4j-jdk14-1.7.28.jar;C:\Users\KMRRi\.m2\repository\org\slf4j\jcl-over-slf4j\1.7.28\jcl-over-slf4j-1.7.28.jar;C:\Users\KMRRi\.m2\repository\org\apache\maven\reporting\maven-reporting-api\2.2.1\maven-reporting-api-2.2.1.jar;C:\Users\KMRRi\.m2\repository\org\apache\maven\doxia\doxia-logging-api\1.1\doxia-logging-api-1.1.jar;C:\Users\KMRRi\.m2\repository\org\apache\maven\wagon\wagon-provider-api\1.0-beta-6\wagon-provider-api-1.0-beta-6.jar;C:\Users\KMRRi\.m2\repository\org\apache\maven\maven-repository-metadata\2.2.1\maven-repository-metadata-2.2.1.jar;C:\Users\KMRRi\.m2\repository\org\apache\maven\maven-error-diagnostics\2.2.1\maven-error-diagnostics-2.2.1.jar;C:\Users\KMRRi\.m2\repository\org\apache\maven\maven-monitor\2.2.1\maven-monitor-2.2.1.jar;C:\Users\KMRRi\.m2\repository\classworlds\classworlds\1.1\classworlds-1.1.jar;C:\Users\KMRRi\.m2\repository\org\sonatype\plexus\plexus-sec-dispatcher\1.3\plexus-sec-dispatcher-1.3.jar;C:\Users\KMRRi\.m2\repository\org\sonatype\plexus\plexus-cipher\1.4\plexus-cipher-1.4.jar;C:\Users\KMRRi\.m2\repository\org\apache\commons\commons-lang3\3.9\commons-lang3-3.9.jar;C:\Users\KMRRi\.m2\repository\org\apache\maven\surefire\surefire-api\2.19.1\surefire-api-2.19.1.jar;C:\Users\KMRRi\.m2\repository\org\apache\maven\maven-toolchain\2.2.1\maven-toolchain-2.2.1.jar;C:\Users\KMRRi\.m2\repository\org\apache\maven\plugin-tools\maven-plugin-annotations\3.3\maven-plugin-annotations-3.3.jar;C:\Users\KMRRi\.m2\repository\org\apache\poi\poi-ooxml\3.15\poi-ooxml-3.15.jar;C:\Users\KMRRi\.m2\repository\org\apache\poi\poi\3.15\poi-3.15.jar;C:\Users\KMRRi\.m2\repository\commons-codec\commons-codec\1.13\commons-codec-1.13.jar;C:\Users\KMRRi\.m2\repository\org\apache\commons\commons-collections4\4.1\commons-collections4-4.1.jar;C:\Users\KMRRi\.m2\repository\org\apache\poi\poi-ooxml-schemas\3.15\poi-ooxml-schemas-3.15.jar;C:\Users\KMRRi\.m2\repository\org\apache\xmlbeans\xmlbeans\2.6.0\xmlbeans-2.6.0.jar;C:\Users\KMRRi\.m2\repository\stax\stax-api\1.0.1\stax-api-1.0.1.jar;C:\Users\KMRRi\.m2\repository\com\github\virtuald\curvesapi\1.04\curvesapi-1.04.jar;C:\Users\KMRRi\.m2\repository\commons-io\commons-io\2.4\commons-io-2.4.jar;C:\Users\KMRRi\.m2\repository\com\relevantcodes\extentreports\2.41.2\extentreports-2.41.2.jar;C:\Users\KMRRi\.m2\repository\org\jsoup\jsoup\1.8.3\jsoup-1.8.3.jar;C:\Users\KMRRi\.m2\repository\org\xerial\sqlite-jdbc\3.28.0\sqlite-jdbc-3.28.0.jar;C:\Users\KMRRi\.m2\repository\org\freemarker\freemarker\2.3.29\freemarker-2.3.29.jar;C:\Users\KMRRi\.m2\repository\org\mongodb\mongodb-driver\3.11.1\mongodb-driver-3.11.1.jar;C:\Users\KMRRi\.m2\repository\org\mongodb\bson\3.11.1\bson-3.11.1.jar;C:\Users\KMRRi\.m2\repository\org\mongodb\mongodb-driver-core\3.11.1\mongodb-driver-core-3.11.1.jar;C:\Users\KMRRi\.m2\repository\org\testng\testng\6.11\testng-6.11.jar;C:\Users\KMRRi\.m2\repository\com\beust\jcommander\1.64\jcommander-1.64.jar;C:\Users\KMRRi\.m2\repository\org\yaml\snakeyaml\1.25\snakeyaml-1.25.jar;"/>
    <property name="java.vm.vendor" value="Oracle Corporation"/>
    <property name="sun.arch.data.model" value="64"/>
    <property name="user.variant" value=""/>
    <property name="java.vendor.url" value="http://java.oracle.com/"/>
    <property name="user.timezone" value="Europe/London"/>
    <property name="java.vm.specification.version" value="1.8"/>
    <property name="os.name" value="Windows 10"/>
    <property name="user.country" value="GB"/>
    <property name="sun.java.launcher" value="SUN_STANDARD"/>
    <property name="sun.boot.library.path" value="C:\Program Files\Java\jdk1.8.0_241\jre\bin"/>
    <property name="sun.java.command" value="C:\Users\KMRRi\AppData\Local\Temp\surefire1721569074220804199\surefirebooter3250520030458720355.jar C:\Users\KMRRi\AppData\Local\Temp\surefire1721569074220804199 2020-05-20T12-17-09_732-jvmRun1 surefire3747635040191133565tmp surefire_03795692958533791963tmp"/>
    <property name="surefire.test.class.path" value="C:\Users\KMRRi\OneDrive\Desktop\Projects\Final\Info-Revit\target\test-classes;C:\Users\KMRRi\OneDrive\Desktop\Projects\Final\Info-Revit\target\classes;C:\Users\KMRRi\.m2\repository\org\springframework\boot\spring-boot-starter-data-jpa\2.2.0.RELEASE\spring-boot-starter-data-jpa-2.2.0.RELEASE.jar;C:\Users\KMRRi\.m2\repository\org\springframework\boot\spring-boot-starter-aop\2.2.0.RELEASE\spring-boot-starter-aop-2.2.0.RELEASE.jar;C:\Users\KMRRi\.m2\repository\org\springframework\spring-aop\5.2.0.RELEASE\spring-aop-5.2.0.RELEASE.jar;C:\Users\KMRRi\.m2\repository\org\aspectj\aspectjweaver\1.9.4\aspectjweaver-1.9.4.jar;C:\Users\KMRRi\.m2\repository\org\springframework\boot\spring-boot-starter-jdbc\2.2.0.RELEASE\spring-boot-starter-jdbc-2.2.0.RELEASE.jar;C:\Users\KMRRi\.m2\repository\com\zaxxer\HikariCP\3.4.1\HikariCP-3.4.1.jar;C:\Users\KMRRi\.m2\repository\org\springframework\spring-jdbc\5.2.0.RELEASE\spring-jdbc-5.2.0.RELEASE.jar;C:\Users\KMRRi\.m2\repository\jakarta\activation\jakarta.activation-api\1.2.1\jakarta.activation-api-1.2.1.jar;C:\Users\KMRRi\.m2\repository\jakarta\persistence\jakarta.persistence-api\2.2.3\jakarta.persistence-api-2.2.3.jar;C:\Users\KMRRi\.m2\repository\jakarta\transaction\jakarta.transaction-api\1.3.3\jakarta.transaction-api-1.3.3.jar;C:\Users\KMRRi\.m2\repository\org\hibernate\hibernate-core\5.4.6.Final\hibernate-core-5.4.6.Final.jar;C:\Users\KMRRi\.m2\repository\org\jboss\logging\jboss-logging\3.4.1.Final\jboss-logging-3.4.1.Final.jar;C:\Users\KMRRi\.m2\repository\org\javassist\javassist\3.24.0-GA\javassist-3.24.0-GA.jar;C:\Users\KMRRi\.m2\repository\net\bytebuddy\byte-buddy\1.10.1\byte-buddy-1.10.1.jar;C:\Users\KMRRi\.m2\repository\antlr\antlr\2.7.7\antlr-2.7.7.jar;C:\Users\KMRRi\.m2\repository\org\jboss\jandex\2.0.5.Final\jandex-2.0.5.Final.jar;C:\Users\KMRRi\.m2\repository\com\fasterxml\classmate\1.5.0\classmate-1.5.0.jar;C:\Users\KMRRi\.m2\repository\org\dom4j\dom4j\2.1.1\dom4j-2.1.1.jar;C:\Users\KMRRi\.m2\repository\org\hibernate\common\hibernate-commons-annotations\5.1.0.Final\hibernate-commons-annotations-5.1.0.Final.jar;C:\Users\KMRRi\.m2\repository\org\glassfish\jaxb\jaxb-runtime\2.3.2\jaxb-runtime-2.3.2.jar;C:\Users\KMRRi\.m2\repository\org\glassfish\jaxb\txw2\2.3.2\txw2-2.3.2.jar;C:\Users\KMRRi\.m2\repository\com\sun\istack\istack-commons-runtime\3.0.8\istack-commons-runtime-3.0.8.jar;C:\Users\KMRRi\.m2\repository\org\jvnet\staxex\stax-ex\1.8.1\stax-ex-1.8.1.jar;C:\Users\KMRRi\.m2\repository\com\sun\xml\fastinfoset\FastInfoset\1.2.16\FastInfoset-1.2.16.jar;C:\Users\KMRRi\.m2\repository\org\springframework\data\spring-data-jpa\2.2.0.RELEASE\spring-data-jpa-2.2.0.RELEASE.jar;C:\Users\KMRRi\.m2\repository\org\springframework\data\spring-data-commons\2.2.0.RELEASE\spring-data-commons-2.2.0.RELEASE.jar;C:\Users\KMRRi\.m2\repository\org\springframework\spring-orm\5.2.0.RELEASE\spring-orm-5.2.0.RELEASE.jar;C:\Users\KMRRi\.m2\repository\org\springframework\spring-context\5.2.0.RELEASE\spring-context-5.2.0.RELEASE.jar;C:\Users\KMRRi\.m2\repository\org\springframework\spring-tx\5.2.0.RELEASE\spring-tx-5.2.0.RELEASE.jar;C:\Users\KMRRi\.m2\repository\org\springframework\spring-beans\5.2.0.RELEASE\spring-beans-5.2.0.RELEASE.jar;C:\Users\KMRRi\.m2\repository\org\slf4j\slf4j-api\1.7.28\slf4j-api-1.7.28.jar;C:\Users\KMRRi\.m2\repository\org\springframework\spring-aspects\5.2.0.RELEASE\spring-aspects-5.2.0.RELEASE.jar;C:\Users\KMRRi\.m2\repository\mysql\mysql-connector-java\8.0.18\mysql-connector-java-8.0.18.jar;C:\Users\KMRRi\.m2\repository\org\springframework\boot\spring-boot-starter-test\2.2.0.RELEASE\spring-boot-starter-test-2.2.0.RELEASE.jar;C:\Users\KMRRi\.m2\repository\org\springframework\boot\spring-boot-starter\2.2.0.RELEASE\spring-boot-starter-2.2.0.RELEASE.jar;C:\Users\KMRRi\.m2\repository\org\springframework\boot\spring-boot\2.2.0.RELEASE\spring-boot-2.2.0.RELEASE.jar;C:\Users\KMRRi\.m2\repository\org\springframework\boot\spring-boot-autoconfigure\2.2.0.RELEASE\spring-boot-autoconfigure-2.2.0.RELEASE.jar;C:\Users\KMRRi\.m2\repository\org\springframework\boot\spring-boot-starter-logging\2.2.0.RELEASE\spring-boot-starter-logging-2.2.0.RELEASE.jar;C:\Users\KMRRi\.m2\repository\ch\qos\logback\logback-classic\1.2.3\logback-classic-1.2.3.jar;C:\Users\KMRRi\.m2\repository\ch\qos\logback\logback-core\1.2.3\logback-core-1.2.3.jar;C:\Users\KMRRi\.m2\repository\org\apache\logging\log4j\log4j-to-slf4j\2.12.1\log4j-to-slf4j-2.12.1.jar;C:\Users\KMRRi\.m2\repository\org\apache\logging\log4j\log4j-api\2.12.1\log4j-api-2.12.1.jar;C:\Users\KMRRi\.m2\repository\org\slf4j\jul-to-slf4j\1.7.28\jul-to-slf4j-1.7.28.jar;C:\Users\KMRRi\.m2\repository\org\springframework\boot\spring-boot-test\2.2.0.RELEASE\spring-boot-test-2.2.0.RELEASE.jar;C:\Users\KMRRi\.m2\repository\org\springframework\boot\spring-boot-test-autoconfigure\2.2.0.RELEASE\spring-boot-test-autoconfigure-2.2.0.RELEASE.jar;C:\Users\KMRRi\.m2\repository\com\jayway\jsonpath\json-path\2.4.0\json-path-2.4.0.jar;C:\Users\KMRRi\.m2\repository\net\minidev\json-smart\2.3\json-smart-2.3.jar;C:\Users\KMRRi\.m2\repository\net\minidev\accessors-smart\1.2\accessors-smart-1.2.jar;C:\Users\KMRRi\.m2\repository\org\ow2\asm\asm\5.0.4\asm-5.0.4.jar;C:\Users\KMRRi\.m2\repository\jakarta\xml\bind\jakarta.xml.bind-api\2.3.2\jakarta.xml.bind-api-2.3.2.jar;C:\Users\KMRRi\.m2\repository\org\junit\jupiter\junit-jupiter\5.5.2\junit-jupiter-5.5.2.jar;C:\Users\KMRRi\.m2\repository\org\junit\jupiter\junit-jupiter-api\5.5.2\junit-jupiter-api-5.5.2.jar;C:\Users\KMRRi\.m2\repository\org\opentest4j\opentest4j\1.2.0\opentest4j-1.2.0.jar;C:\Users\KMRRi\.m2\repository\org\junit\platform\junit-platform-commons\1.5.2\junit-platform-commons-1.5.2.jar;C:\Users\KMRRi\.m2\repository\org\junit\jupiter\junit-jupiter-params\5.5.2\junit-jupiter-params-5.5.2.jar;C:\Users\KMRRi\.m2\repository\org\junit\jupiter\junit-jupiter-engine\5.5.2\junit-jupiter-engine-5.5.2.jar;C:\Users\KMRRi\.m2\repository\org\junit\vintage\junit-vintage-engine\5.5.2\junit-vintage-engine-5.5.2.jar;C:\Users\KMRRi\.m2\repository\org\apiguardian\apiguardian-api\1.1.0\apiguardian-api-1.1.0.jar;C:\Users\KMRRi\.m2\repository\org\junit\platform\junit-platform-engine\1.5.2\junit-platform-engine-1.5.2.jar;C:\Users\KMRRi\.m2\repository\org\mockito\mockito-junit-jupiter\3.1.0\mockito-junit-jupiter-3.1.0.jar;C:\Users\KMRRi\.m2\repository\org\assertj\assertj-core\3.13.2\assertj-core-3.13.2.jar;C:\Users\KMRRi\.m2\repository\org\hamcrest\hamcrest\2.1\hamcrest-2.1.jar;C:\Users\KMRRi\.m2\repository\org\mockito\mockito-core\3.1.0\mockito-core-3.1.0.jar;C:\Users\KMRRi\.m2\repository\net\bytebuddy\byte-buddy-agent\1.10.1\byte-buddy-agent-1.10.1.jar;C:\Users\KMRRi\.m2\repository\org\objenesis\objenesis\2.6\objenesis-2.6.jar;C:\Users\KMRRi\.m2\repository\org\skyscreamer\jsonassert\1.5.0\jsonassert-1.5.0.jar;C:\Users\KMRRi\.m2\repository\com\vaadin\external\google\android-json\0.0.20131108.vaadin1\android-json-0.0.20131108.vaadin1.jar;C:\Users\KMRRi\.m2\repository\org\springframework\spring-core\5.2.0.RELEASE\spring-core-5.2.0.RELEASE.jar;C:\Users\KMRRi\.m2\repository\org\springframework\spring-jcl\5.2.0.RELEASE\spring-jcl-5.2.0.RELEASE.jar;C:\Users\KMRRi\.m2\repository\org\springframework\spring-test\5.2.0.RELEASE\spring-test-5.2.0.RELEASE.jar;C:\Users\KMRRi\.m2\repository\org\xmlunit\xmlunit-core\2.6.3\xmlunit-core-2.6.3.jar;C:\Users\KMRRi\.m2\repository\org\springframework\boot\spring-boot-starter-tomcat\2.2.0.RELEASE\spring-boot-starter-tomcat-2.2.0.RELEASE.jar;C:\Users\KMRRi\.m2\repository\jakarta\annotation\jakarta.annotation-api\1.3.5\jakarta.annotation-api-1.3.5.jar;C:\Users\KMRRi\.m2\repository\org\apache\tomcat\embed\tomcat-embed-core\9.0.27\tomcat-embed-core-9.0.27.jar;C:\Users\KMRRi\.m2\repository\org\apache\tomcat\embed\tomcat-embed-el\9.0.27\tomcat-embed-el-9.0.27.jar;C:\Users\KMRRi\.m2\repository\org\apache\tomcat\embed\tomcat-embed-websocket\9.0.27\tomcat-embed-websocket-9.0.27.jar;C:\Users\KMRRi\.m2\repository\org\springframework\boot\spring-boot-starter-web\2.2.0.RELEASE\spring-boot-starter-web-2.2.0.RELEASE.jar;C:\Users\KMRRi\.m2\repository\org\springframework\boot\spring-boot-starter-json\2.2.0.RELEASE\spring-boot-starter-json-2.2.0.RELEASE.jar;C:\Users\KMRRi\.m2\repository\com\fasterxml\jackson\core\jackson-databind\2.10.0\jackson-databind-2.10.0.jar;C:\Users\KMRRi\.m2\repository\com\fasterxml\jackson\core\jackson-annotations\2.10.0\jackson-annotations-2.10.0.jar;C:\Users\KMRRi\.m2\repository\com\fasterxml\jackson\core\jackson-core\2.10.0\jackson-core-2.10.0.jar;C:\Users\KMRRi\.m2\repository\com\fasterxml\jackson\datatype\jackson-datatype-jdk8\2.10.0\jackson-datatype-jdk8-2.10.0.jar;C:\Users\KMRRi\.m2\repository\com\fasterxml\jackson\datatype\jackson-datatype-jsr310\2.10.0\jackson-datatype-jsr310-2.10.0.jar;C:\Users\KMRRi\.m2\repository\com\fasterxml\jackson\module\jackson-module-parameter-names\2.10.0\jackson-module-parameter-names-2.10.0.jar;C:\Users\KMRRi\.m2\repository\org\springframework\boot\spring-boot-starter-validation\2.2.0.RELEASE\spring-boot-starter-validation-2.2.0.RELEASE.jar;C:\Users\KMRRi\.m2\repository\jakarta\validation\jakarta.validation-api\2.0.1\jakarta.validation-api-2.0.1.jar;C:\Users\KMRRi\.m2\repository\org\hibernate\validator\hibernate-validator\6.0.17.Final\hibernate-validator-6.0.17.Final.jar;C:\Users\KMRRi\.m2\repository\org\springframework\spring-web\5.2.0.RELEASE\spring-web-5.2.0.RELEASE.jar;C:\Users\KMRRi\.m2\repository\org\springframework\spring-webmvc\5.2.0.RELEASE\spring-webmvc-5.2.0.RELEASE.jar;C:\Users\KMRRi\.m2\repository\org\springframework\spring-expression\5.2.0.RELEASE\spring-expression-5.2.0.RELEASE.jar;C:\Users\KMRRi\.m2\repository\org\modelmapper\modelmapper\2.3.5\modelmapper-2.3.5.jar;C:\Users\KMRRi\.m2\repository\com\h2database\h2\1.4.199\h2-1.4.199.jar;C:\Users\KMRRi\.m2\repository\junit\junit\4.12\junit-4.12.jar;C:\Users\KMRRi\.m2\repository\org\hamcrest\hamcrest-core\2.1\hamcrest-core-2.1.jar;C:\Users\KMRRi\.m2\repository\org\seleniumhq\selenium\selenium-chrome-driver\2.53.1\selenium-chrome-driver-2.53.1.jar;C:\Users\KMRRi\.m2\repository\org\seleniumhq\selenium\selenium-remote-driver\3.141.59\selenium-remote-driver-3.141.59.jar;C:\Users\KMRRi\.m2\repository\org\seleniumhq\selenium\selenium-api\3.141.59\selenium-api-3.141.59.jar;C:\Users\KMRRi\.m2\repository\org\apache\commons\commons-exec\1.3\commons-exec-1.3.jar;C:\Users\KMRRi\.m2\repository\com\google\guava\guava\25.0-jre\guava-25.0-jre.jar;C:\Users\KMRRi\.m2\repository\com\google\code\findbugs\jsr305\1.3.9\jsr305-1.3.9.jar;C:\Users\KMRRi\.m2\repository\org\checkerframework\checker-compat-qual\2.0.0\checker-compat-qual-2.0.0.jar;C:\Users\KMRRi\.m2\repository\com\google\errorprone\error_prone_annotations\2.1.3\error_prone_annotations-2.1.3.jar;C:\Users\KMRRi\.m2\repository\com\google\j2objc\j2objc-annotations\1.1\j2objc-annotations-1.1.jar;C:\Users\KMRRi\.m2\repository\org\codehaus\mojo\animal-sniffer-annotations\1.14\animal-sniffer-annotations-1.14.jar;C:\Users\KMRRi\.m2\repository\com\squareup\okhttp3\okhttp\3.14.4\okhttp-3.14.4.jar;C:\Users\KMRRi\.m2\repository\com\squareup\okio\okio\1.14.0\okio-1.14.0.jar;C:\Users\KMRRi\.m2\repository\org\seleniumhq\selenium\selenium-support\2.53.1\selenium-support-2.53.1.jar;C:\Users\KMRRi\.m2\repository\com\google\code\gson\gson\2.8.6\gson-2.8.6.jar;C:\Users\KMRRi\.m2\repository\org\apache\maven\plugins\maven-surefire-plugin\2.19.1\maven-surefire-plugin-2.19.1.jar;C:\Users\KMRRi\.m2\repository\org\apache\maven\maven-plugin-api\2.2.1\maven-plugin-api-2.2.1.jar;C:\Users\KMRRi\.m2\repository\org\apache\maven\surefire\maven-surefire-common\2.19.1\maven-surefire-common-2.19.1.jar;C:\Users\KMRRi\.m2\repository\org\apache\maven\surefire\surefire-booter\2.19.1\surefire-booter-2.19.1.jar;C:\Users\KMRRi\.m2\repository\org\apache\maven\maven-artifact\2.2.1\maven-artifact-2.2.1.jar;C:\Users\KMRRi\.m2\repository\org\codehaus\plexus\plexus-utils\1.5.15\plexus-utils-1.5.15.jar;C:\Users\KMRRi\.m2\repository\org\apache\maven\maven-plugin-descriptor\2.2.1\maven-plugin-descriptor-2.2.1.jar;C:\Users\KMRRi\.m2\repository\org\codehaus\plexus\plexus-container-default\1.0-alpha-9-stable-1\plexus-container-default-1.0-alpha-9-stable-1.jar;C:\Users\KMRRi\.m2\repository\org\apache\maven\maven-project\2.2.1\maven-project-2.2.1.jar;C:\Users\KMRRi\.m2\repository\org\apache\maven\maven-settings\2.2.1\maven-settings-2.2.1.jar;C:\Users\KMRRi\.m2\repository\org\apache\maven\maven-profile\2.2.1\maven-profile-2.2.1.jar;C:\Users\KMRRi\.m2\repository\org\apache\maven\maven-artifact-manager\2.2.1\maven-artifact-manager-2.2.1.jar;C:\Users\KMRRi\.m2\repository\backport-util-concurrent\backport-util-concurrent\3.1\backport-util-concurrent-3.1.jar;C:\Users\KMRRi\.m2\repository\org\apache\maven\maven-plugin-registry\2.2.1\maven-plugin-registry-2.2.1.jar;C:\Users\KMRRi\.m2\repository\org\codehaus\plexus\plexus-interpolation\1.11\plexus-interpolation-1.11.jar;C:\Users\KMRRi\.m2\repository\org\apache\maven\maven-model\2.2.1\maven-model-2.2.1.jar;C:\Users\KMRRi\.m2\repository\org\apache\maven\maven-core\2.2.1\maven-core-2.2.1.jar;C:\Users\KMRRi\.m2\repository\org\apache\maven\maven-plugin-parameter-documenter\2.2.1\maven-plugin-parameter-documenter-2.2.1.jar;C:\Users\KMRRi\.m2\repository\org\apache\maven\wagon\wagon-http\1.0-beta-6\wagon-http-1.0-beta-6.jar;C:\Users\KMRRi\.m2\repository\org\apache\maven\wagon\wagon-http-shared\1.0-beta-6\wagon-http-shared-1.0-beta-6.jar;C:\Users\KMRRi\.m2\repository\nekohtml\xercesMinimal\1.9.6.2\xercesMinimal-1.9.6.2.jar;C:\Users\KMRRi\.m2\repository\nekohtml\nekohtml\1.9.6.2\nekohtml-1.9.6.2.jar;C:\Users\KMRRi\.m2\repository\commons-httpclient\commons-httpclient\3.1\commons-httpclient-3.1.jar;C:\Users\KMRRi\.m2\repository\org\apache\maven\wagon\wagon-webdav-jackrabbit\1.0-beta-6\wagon-webdav-jackrabbit-1.0-beta-6.jar;C:\Users\KMRRi\.m2\repository\org\apache\jackrabbit\jackrabbit-webdav\1.5.0\jackrabbit-webdav-1.5.0.jar;C:\Users\KMRRi\.m2\repository\org\apache\jackrabbit\jackrabbit-jcr-commons\1.5.0\jackrabbit-jcr-commons-1.5.0.jar;C:\Users\KMRRi\.m2\repository\org\slf4j\slf4j-nop\1.7.28\slf4j-nop-1.7.28.jar;C:\Users\KMRRi\.m2\repository\org\slf4j\slf4j-jdk14\1.7.28\slf4j-jdk14-1.7.28.jar;C:\Users\KMRRi\.m2\repository\org\slf4j\jcl-over-slf4j\1.7.28\jcl-over-slf4j-1.7.28.jar;C:\Users\KMRRi\.m2\repository\org\apache\maven\reporting\maven-reporting-api\2.2.1\maven-reporting-api-2.2.1.jar;C:\Users\KMRRi\.m2\repository\org\apache\maven\doxia\doxia-logging-api\1.1\doxia-logging-api-1.1.jar;C:\Users\KMRRi\.m2\repository\org\apache\maven\wagon\wagon-provider-api\1.0-beta-6\wagon-provider-api-1.0-beta-6.jar;C:\Users\KMRRi\.m2\repository\org\apache\maven\maven-repository-metadata\2.2.1\maven-repository-metadata-2.2.1.jar;C:\Users\KMRRi\.m2\repository\org\apache\maven\maven-error-diagnostics\2.2.1\maven-error-diagnostics-2.2.1.jar;C:\Users\KMRRi\.m2\repository\org\apache\maven\maven-monitor\2.2.1\maven-monitor-2.2.1.jar;C:\Users\KMRRi\.m2\repository\classworlds\classworlds\1.1\classworlds-1.1.jar;C:\Users\KMRRi\.m2\repository\org\sonatype\plexus\plexus-sec-dispatcher\1.3\plexus-sec-dispatcher-1.3.jar;C:\Users\KMRRi\.m2\repository\org\sonatype\plexus\plexus-cipher\1.4\plexus-cipher-1.4.jar;C:\Users\KMRRi\.m2\repository\org\apache\commons\commons-lang3\3.9\commons-lang3-3.9.jar;C:\Users\KMRRi\.m2\repository\org\apache\maven\surefire\surefire-api\2.19.1\surefire-api-2.19.1.jar;C:\Users\KMRRi\.m2\repository\org\apache\maven\maven-toolchain\2.2.1\maven-toolchain-2.2.1.jar;C:\Users\KMRRi\.m2\repository\org\apache\maven\plugin-tools\maven-plugin-annotations\3.3\maven-plugin-annotations-3.3.jar;C:\Users\KMRRi\.m2\repository\org\apache\poi\poi-ooxml\3.15\poi-ooxml-3.15.jar;C:\Users\KMRRi\.m2\repository\org\apache\poi\poi\3.15\poi-3.15.jar;C:\Users\KMRRi\.m2\repository\commons-codec\commons-codec\1.13\commons-codec-1.13.jar;C:\Users\KMRRi\.m2\repository\org\apache\commons\commons-collections4\4.1\commons-collections4-4.1.jar;C:\Users\KMRRi\.m2\repository\org\apache\poi\poi-ooxml-schemas\3.15\poi-ooxml-schemas-3.15.jar;C:\Users\KMRRi\.m2\repository\org\apache\xmlbeans\xmlbeans\2.6.0\xmlbeans-2.6.0.jar;C:\Users\KMRRi\.m2\repository\stax\stax-api\1.0.1\stax-api-1.0.1.jar;C:\Users\KMRRi\.m2\repository\com\github\virtuald\curvesapi\1.04\curvesapi-1.04.jar;C:\Users\KMRRi\.m2\repository\commons-io\commons-io\2.4\commons-io-2.4.jar;C:\Users\KMRRi\.m2\repository\com\relevantcodes\extentreports\2.41.2\extentreports-2.41.2.jar;C:\Users\KMRRi\.m2\repository\org\jsoup\jsoup\1.8.3\jsoup-1.8.3.jar;C:\Users\KMRRi\.m2\repository\org\xerial\sqlite-jdbc\3.28.0\sqlite-jdbc-3.28.0.jar;C:\Users\KMRRi\.m2\repository\org\freemarker\freemarker\2.3.29\freemarker-2.3.29.jar;C:\Users\KMRRi\.m2\repository\org\mongodb\mongodb-driver\3.11.1\mongodb-driver-3.11.1.jar;C:\Users\KMRRi\.m2\repository\org\mongodb\bson\3.11.1\bson-3.11.1.jar;C:\Users\KMRRi\.m2\repository\org\mongodb\mongodb-driver-core\3.11.1\mongodb-driver-core-3.11.1.jar;C:\Users\KMRRi\.m2\repository\org\testng\testng\6.11\testng-6.11.jar;C:\Users\KMRRi\.m2\repository\com\beust\jcommander\1.64\jcommander-1.64.jar;C:\Users\KMRRi\.m2\repository\org\yaml\snakeyaml\1.25\snakeyaml-1.25.jar;"/>
    <property name="sun.cpu.endian" value="little"/>
    <property name="user.home" value="C:\Users\KMRRi"/>
    <property name="user.language" value="en"/>
    <property name="java.specification.vendor" value="Oracle Corporation"/>
    <property name="java.home" value="C:\Program Files\Java\jdk1.8.0_241\jre"/>
    <property name="basedir" value="C:\Users\KMRRi\OneDrive\Desktop\Projects\Final\Info-Revit"/>
    <property name="file.separator" value="\"/>
    <property name="line.separator" value="&#10;"/>
    <property name="java.vm.specification.vendor" value="Oracle Corporation"/>
    <property name="java.specification.name" value="Java Platform API Specification"/>
    <property name="java.awt.graphicsenv" value="sun.awt.Win32GraphicsEnvironment"/>
    <property name="surefire.real.class.path" value="C:\Users\KMRRi\AppData\Local\Temp\surefire1721569074220804199\surefirebooter3250520030458720355.jar;C:\\Users\\KMRRi\\.m2\\repository\\org\\jacoco\\org.jacoco.agent\\0.8.5\\org.jacoco.agent-0.8.5-runtime.jar"/>
    <property name="sun.boot.class.path" value="C:\Program Files\Java\jdk1.8.0_241\jre\lib\resources.jar;C:\Program Files\Java\jdk1.8.0_241\jre\lib\rt.jar;C:\Program Files\Java\jdk1.8.0_241\jre\lib\sunrsasign.jar;C:\Program Files\Java\jdk1.8.0_241\jre\lib\jsse.jar;C:\Program Files\Java\jdk1.8.0_241\jre\lib\jce.jar;C:\Program Files\Java\jdk1.8.0_241\jre\lib\charsets.jar;C:\Program Files\Java\jdk1.8.0_241\jre\lib\jfr.jar;C:\Program Files\Java\jdk1.8.0_241\jre\classes"/>
    <property name="user.script" value=""/>
    <property name="sun.management.compiler" value="HotSpot 64-Bit Tiered Compilers"/>
    <property name="java.runtime.version" value="1.8.0_241-b07"/>
    <property name="user.name" value="KMRRi"/>
    <property name="path.separator" value=";"/>
    <property name="os.version" value="10.0"/>
    <property name="java.endorsed.dirs" value="C:\Program Files\Java\jdk1.8.0_241\jre\lib\endorsed"/>
    <property name="java.runtime.name" value="Java(TM) SE Runtime Environment"/>
    <property name="file.encoding" value="Cp1252"/>
    <property name="java.vm.name" value="Java HotSpot(TM) 64-Bit Server VM"/>
    <property name="localRepository" value="C:\Users\KMRRi\.m2\repository"/>
    <property name="java.vendor.url.bug" value="http://bugreport.sun.com/bugreport/"/>
    <property name="java.io.tmpdir" value="C:\Users\KMRRi\AppData\Local\Temp\"/>
    <property name="java.version" value="1.8.0_241"/>
    <property name="user.dir" value="C:\Users\KMRRi\OneDrive\Desktop\Projects\Final\Info-Revit"/>
    <property name="os.arch" value="amd64"/>
    <property name="java.vm.specification.name" value="Java Virtual Machine Specification"/>
    <property name="java.awt.printerjob" value="sun.awt.windows.WPrinterJob"/>
    <property name="sun.os.patch.level" value=""/>
    <property name="java.library.path" value="C:\Program Files\Java\jdk1.8.0_241\jre\bin;C:\Windows\Sun\Java\bin;C:\Windows\system32;C:\Windows;C:\Users\KMRRi\bin;C:\Program Files\Git\mingw64\bin;C:\Program Files\Git\usr\local\bin;C:\Program Files\Git\usr\bin;C:\Program Files\Git\usr\bin;C:\Program Files\Git\mingw64\bin;C:\Program Files\Git\usr\bin;C:\Users\KMRRi\bin;C:\Program Files (x86)\Common Files\Intel\Shared Libraries\redist\intel64_win\compiler;C:\Python38\Scripts;C:\Python38;C:\Program Files (x86)\Razer Chroma SDK\bin;C:\Program Files\Razer Chroma SDK\bin;C:\Program Files (x86)\Common Files\Oracle\Java\javapath;C:\Windows\system32;C:\Windows;C:\Windows\System32\Wbem;C:\Windows\System32\WindowsPowerShell\v1.0;C:\Windows\System32\OpenSSH;C:\Program Files (x86)\NVIDIA Corporation\PhysX\Common;C:\Program Files\NVIDIA Corporation\NVIDIA NvDLISR;C:\Program Files\Git\cmd;C:\Program Files\apache-maven-3.6.1\bin;C:\Program Files\Java\jdk1.8.0_241\bin;C:\Program Files\nodejs;C:\ProgramData\chocolatey\bin;C:\Program Files\Java\jdk1.8.0_241\bin;C:\Users\KMRRi\AppData\Roaming\npm;C:\Users\KMRRi\AppData\Local\Programs\Microsoft VS Code\bin;C:\Program Files\JetBrains\IntelliJ IDEA 2020.1\bin;C:\Program Files\Git\usr\bin\vendor_perl;C:\Program Files\Git\usr\bin\core_perl;."/>
    <property name="java.vm.info" value="mixed mode"/>
    <property name="java.vendor" value="Oracle Corporation"/>
    <property name="java.vm.version" value="25.241-b07"/>
    <property name="java.ext.dirs" value="C:\Program Files\Java\jdk1.8.0_241\jre\lib\ext;C:\Windows\Sun\Java\lib\ext"/>
    <property name="sun.io.unicode.encoding" value="UnicodeLittle"/>
    <property name="java.class.version" value="52.0"/>
  </properties>
  <testcase name="deleteLift" classname="com.qa.selenium.AppTest" time="10.773"/>
  <testcase name="registerAndCreateDoorAndViewWindow" classname="com.qa.selenium.AppTest" time="18.626"/>
  <testcase name="testRevitTitle" classname="com.qa.selenium.AppTest" time="2.39"/>
  <testcase name="updateWindow" classname="com.qa.selenium.AppTest" time="11.463"/>
  <testcase name="constructorWithoutId on constructorWithoutId(com.qa.domain.DoorUnitTest)" classname="com.qa.domain.DoorUnitTest" time="0.001"/>
  <testcase name="checkEqualityBetweenDifferentObjects on checkEqualityBetweenDifferentObjects(com.qa.domain.DoorUnitTest)" classname="com.qa.domain.DoorUnitTest" time="0"/>
  <testcase name="checkEquality on checkEquality(com.qa.domain.DoorUnitTest)" classname="com.qa.domain.DoorUnitTest" time="0.001"/>
  <testcase name="equalsWithNull on equalsWithNull(com.qa.domain.DoorUnitTest)" classname="com.qa.domain.DoorUnitTest" time="0"/>
  <testcase name="emptyConstructor on emptyConstructor(com.qa.domain.DoorUnitTest)" classname="com.qa.domain.DoorUnitTest" time="0"/>
  <testcase name="equalsWithDifferentObject on equalsWithDifferentObject(com.qa.domain.DoorUnitTest)" classname="com.qa.domain.DoorUnitTest" time="0"/>
  <testcase name="doorIdNotEqual on doorIdNotEqual(com.qa.domain.DoorUnitTest)" classname="com.qa.domain.DoorUnitTest" time="0"/>
  <testcase name="hashCodeTest on hashCodeTest(com.qa.domain.DoorUnitTest)" classname="com.qa.domain.DoorUnitTest" time="0"/>
  <testcase name="createDoorWithId on createDoorWithId(com.qa.domain.DoorUnitTest)" classname="com.qa.domain.DoorUnitTest" time="0.001"/>
  <testcase name="hashCodeTestWithNull on hashCodeTestWithNull(com.qa.domain.DoorUnitTest)" classname="com.qa.domain.DoorUnitTest" time="0"/>
  <testcase name="liftIdNotEqual on liftIdNotEqual(com.qa.domain.LiftUnitTest)" classname="com.qa.domain.LiftUnitTest" time="0"/>
  <testcase name="constructorWithoutId on constructorWithoutId(com.qa.domain.LiftUnitTest)" classname="com.qa.domain.LiftUnitTest" time="0"/>
  <testcase name="checkEqualityBetweenDifferentObjects on checkEqualityBetweenDifferentObjects(com.qa.domain.LiftUnitTest)" classname="com.qa.domain.LiftUnitTest" time="0"/>
  <testcase name="checkEquality on checkEquality(com.qa.domain.LiftUnitTest)" classname="com.qa.domain.LiftUnitTest" time="0"/>
  <testcase name="equalsWithNull on equalsWithNull(com.qa.domain.LiftUnitTest)" classname="com.qa.domain.LiftUnitTest" time="0"/>
  <testcase name="emptyConstructor on emptyConstructor(com.qa.domain.LiftUnitTest)" classname="com.qa.domain.LiftUnitTest" time="0"/>
  <testcase name="equalsWithDifferentObject on equalsWithDifferentObject(com.qa.domain.LiftUnitTest)" classname="com.qa.domain.LiftUnitTest" time="0.001"/>
  <testcase name="createLiftWithId on createLiftWithId(com.qa.domain.LiftUnitTest)" classname="com.qa.domain.LiftUnitTest" time="0"/>
  <testcase name="hashCodeTest on hashCodeTest(com.qa.domain.LiftUnitTest)" classname="com.qa.domain.LiftUnitTest" time="0"/>
  <testcase name="hashCodeTestWithNull on hashCodeTestWithNull(com.qa.domain.LiftUnitTest)" classname="com.qa.domain.LiftUnitTest" time="0"/>
  <testcase name="constructorWithoutId on constructorWithoutId(com.qa.domain.ManufacturerUnitTest)" classname="com.qa.domain.ManufacturerUnitTest" time="0"/>
  <testcase name="checkEqualityBetweenDifferentObjects on checkEqualityBetweenDifferentObjects(com.qa.domain.ManufacturerUnitTest)" classname="com.qa.domain.ManufacturerUnitTest" time="0"/>
  <testcase name="checkEquality on checkEquality(com.qa.domain.ManufacturerUnitTest)" classname="com.qa.domain.ManufacturerUnitTest" time="0"/>
  <testcase name="createManufacturerWithId on createManufacturerWithId(com.qa.domain.ManufacturerUnitTest)" classname="com.qa.domain.ManufacturerUnitTest" time="0"/>
  <testcase name="equalsWithNull on equalsWithNull(com.qa.domain.ManufacturerUnitTest)" classname="com.qa.domain.ManufacturerUnitTest" time="0"/>
  <testcase name="emptyConstructor on emptyConstructor(com.qa.domain.ManufacturerUnitTest)" classname="com.qa.domain.ManufacturerUnitTest" time="0"/>
  <testcase name="equalsWithDifferentObject on equalsWithDifferentObject(com.qa.domain.ManufacturerUnitTest)" classname="com.qa.domain.ManufacturerUnitTest" time="0"/>
  <testcase name="manufacturerIdNotEqual on manufacturerIdNotEqual(com.qa.domain.ManufacturerUnitTest)" classname="com.qa.domain.ManufacturerUnitTest" time="0"/>
  <testcase name="hashCodeTest on hashCodeTest(com.qa.domain.ManufacturerUnitTest)" classname="com.qa.domain.ManufacturerUnitTest" time="0"/>
  <testcase name="hashCodeTestWithNull on hashCodeTestWithNull(com.qa.domain.ManufacturerUnitTest)" classname="com.qa.domain.ManufacturerUnitTest" time="0"/>
  <testcase name="constructorWithoutId on constructorWithoutId(com.qa.domain.WindowUnitTest)" classname="com.qa.domain.WindowUnitTest" time="0.001"/>
  <testcase name="checkEqualityBetweenDifferentObjects on checkEqualityBetweenDifferentObjects(com.qa.domain.WindowUnitTest)" classname="com.qa.domain.WindowUnitTest" time="0"/>
  <testcase name="checkEquality on checkEquality(com.qa.domain.WindowUnitTest)" classname="com.qa.domain.WindowUnitTest" time="0"/>
  <testcase name="equalsWithNull on equalsWithNull(com.qa.domain.WindowUnitTest)" classname="com.qa.domain.WindowUnitTest" time="0"/>
  <testcase name="emptyConstructor on emptyConstructor(com.qa.domain.WindowUnitTest)" classname="com.qa.domain.WindowUnitTest" time="0"/>
  <testcase name="equalsWithDifferentObject on equalsWithDifferentObject(com.qa.domain.WindowUnitTest)" classname="com.qa.domain.WindowUnitTest" time="0"/>
  <testcase name="createWindowWithId on createWindowWithId(com.qa.domain.WindowUnitTest)" classname="com.qa.domain.WindowUnitTest" time="0"/>
  <testcase name="hashCodeTest on hashCodeTest(com.qa.domain.WindowUnitTest)" classname="com.qa.domain.WindowUnitTest" time="0"/>
  <testcase name="hashCodeTestWithNull on hashCodeTestWithNull(com.qa.domain.WindowUnitTest)" classname="com.qa.domain.WindowUnitTest" time="0"/>
  <testcase name="windowIdNotEqual on windowIdNotEqual(com.qa.domain.WindowUnitTest)" classname="com.qa.domain.WindowUnitTest" time="0"/>
  <testcase name="constructorWithoutId on constructorWithoutId(com.qa.dto.DoorDTOUnitTest)" classname="com.qa.dto.DoorDTOUnitTest" time="0"/>
  <testcase name="checkEqualityBetweenDifferentObjects on checkEqualityBetweenDifferentObjects(com.qa.dto.DoorDTOUnitTest)" classname="com.qa.dto.DoorDTOUnitTest" time="0"/>
  <testcase name="checkEquality on checkEquality(com.qa.dto.DoorDTOUnitTest)" classname="com.qa.dto.DoorDTOUnitTest" time="0"/>
  <testcase name="equalsWithNull on equalsWithNull(com.qa.dto.DoorDTOUnitTest)" classname="com.qa.dto.DoorDTOUnitTest" time="0"/>
  <testcase name="emptyConstructor on emptyConstructor(com.qa.dto.DoorDTOUnitTest)" classname="com.qa.dto.DoorDTOUnitTest" time="0"/>
  <testcase name="equalsWithDifferentObject on equalsWithDifferentObject(com.qa.dto.DoorDTOUnitTest)" classname="com.qa.dto.DoorDTOUnitTest" time="0"/>
  <testcase name="doorIdNotEqual on doorIdNotEqual(com.qa.dto.DoorDTOUnitTest)" classname="com.qa.dto.DoorDTOUnitTest" time="0"/>
  <testcase name="hashCodeTest on hashCodeTest(com.qa.dto.DoorDTOUnitTest)" classname="com.qa.dto.DoorDTOUnitTest" time="0"/>
  <testcase name="createDoorWithId on createDoorWithId(com.qa.dto.DoorDTOUnitTest)" classname="com.qa.dto.DoorDTOUnitTest" time="0"/>
  <testcase name="hashCodeTestWithNull on hashCodeTestWithNull(com.qa.dto.DoorDTOUnitTest)" classname="com.qa.dto.DoorDTOUnitTest" time="0"/>
  <testcase name="liftIdNotEqual on liftIdNotEqual(com.qa.dto.LiftDTOUnitTest)" classname="com.qa.dto.LiftDTOUnitTest" time="0"/>
  <testcase name="constructorWithoutId on constructorWithoutId(com.qa.dto.LiftDTOUnitTest)" classname="com.qa.dto.LiftDTOUnitTest" time="0"/>
  <testcase name="checkEqualityBetweenDifferentObjects on checkEqualityBetweenDifferentObjects(com.qa.dto.LiftDTOUnitTest)" classname="com.qa.dto.LiftDTOUnitTest" time="0.001"/>
  <testcase name="checkEquality on checkEquality(com.qa.dto.LiftDTOUnitTest)" classname="com.qa.dto.LiftDTOUnitTest" time="0"/>
  <testcase name="equalsWithNull on equalsWithNull(com.qa.dto.LiftDTOUnitTest)" classname="com.qa.dto.LiftDTOUnitTest" time="0"/>
  <testcase name="emptyConstructor on emptyConstructor(com.qa.dto.LiftDTOUnitTest)" classname="com.qa.dto.LiftDTOUnitTest" time="0"/>
  <testcase name="equalsWithDifferentObject on equalsWithDifferentObject(com.qa.dto.LiftDTOUnitTest)" classname="com.qa.dto.LiftDTOUnitTest" time="0"/>
  <testcase name="createLiftWithId on createLiftWithId(com.qa.dto.LiftDTOUnitTest)" classname="com.qa.dto.LiftDTOUnitTest" time="0"/>
  <testcase name="hashCodeTest on hashCodeTest(com.qa.dto.LiftDTOUnitTest)" classname="com.qa.dto.LiftDTOUnitTest" time="0"/>
  <testcase name="hashCodeTestWithNull on hashCodeTestWithNull(com.qa.dto.LiftDTOUnitTest)" classname="com.qa.dto.LiftDTOUnitTest" time="0"/>
  <testcase name="constructorWithoutId on constructorWithoutId(com.qa.dto.ManufacturerDTOUnitTest)" classname="com.qa.dto.ManufacturerDTOUnitTest" time="0"/>
  <testcase name="checkEqualityBetweenDifferentObjects on checkEqualityBetweenDifferentObjects(com.qa.dto.ManufacturerDTOUnitTest)" classname="com.qa.dto.ManufacturerDTOUnitTest" time="0"/>
  <testcase name="checkEquality on checkEquality(com.qa.dto.ManufacturerDTOUnitTest)" classname="com.qa.dto.ManufacturerDTOUnitTest" time="0"/>
  <testcase name="createManufacturerWithId on createManufacturerWithId(com.qa.dto.ManufacturerDTOUnitTest)" classname="com.qa.dto.ManufacturerDTOUnitTest" time="0"/>
  <testcase name="equalsWithNull on equalsWithNull(com.qa.dto.ManufacturerDTOUnitTest)" classname="com.qa.dto.ManufacturerDTOUnitTest" time="0"/>
  <testcase name="emptyConstructor on emptyConstructor(com.qa.dto.ManufacturerDTOUnitTest)" classname="com.qa.dto.ManufacturerDTOUnitTest" time="0"/>
  <testcase name="equalsWithDifferentObject on equalsWithDifferentObject(com.qa.dto.ManufacturerDTOUnitTest)" classname="com.qa.dto.ManufacturerDTOUnitTest" time="0"/>
  <testcase name="manufacturerIdNotEqual on manufacturerIdNotEqual(com.qa.dto.ManufacturerDTOUnitTest)" classname="com.qa.dto.ManufacturerDTOUnitTest" time="0"/>
  <testcase name="hashCodeTest on hashCodeTest(com.qa.dto.ManufacturerDTOUnitTest)" classname="com.qa.dto.ManufacturerDTOUnitTest" time="0"/>
  <testcase name="hashCodeTestWithNull on hashCodeTestWithNull(com.qa.dto.ManufacturerDTOUnitTest)" classname="com.qa.dto.ManufacturerDTOUnitTest" time="0"/>
  <testcase name="constructorWithoutId on constructorWithoutId(com.qa.dto.WindowDTOUnitTest)" classname="com.qa.dto.WindowDTOUnitTest" time="0"/>
  <testcase name="checkEqualityBetweenDifferentObjects on checkEqualityBetweenDifferentObjects(com.qa.dto.WindowDTOUnitTest)" classname="com.qa.dto.WindowDTOUnitTest" time="0"/>
  <testcase name="checkEquality on checkEquality(com.qa.dto.WindowDTOUnitTest)" classname="com.qa.dto.WindowDTOUnitTest" time="0"/>
  <testcase name="equalsWithNull on equalsWithNull(com.qa.dto.WindowDTOUnitTest)" classname="com.qa.dto.WindowDTOUnitTest" time="0"/>
  <testcase name="emptyConstructor on emptyConstructor(com.qa.dto.WindowDTOUnitTest)" classname="com.qa.dto.WindowDTOUnitTest" time="0"/>
  <testcase name="equalsWithDifferentObject on equalsWithDifferentObject(com.qa.dto.WindowDTOUnitTest)" classname="com.qa.dto.WindowDTOUnitTest" time="0"/>
  <testcase name="createWindowWithId on createWindowWithId(com.qa.dto.WindowDTOUnitTest)" classname="com.qa.dto.WindowDTOUnitTest" time="0"/>
  <testcase name="hashCodeTest on hashCodeTest(com.qa.dto.WindowDTOUnitTest)" classname="com.qa.dto.WindowDTOUnitTest" time="0"/>
  <testcase name="hashCodeTestWithNull on hashCodeTestWithNull(com.qa.dto.WindowDTOUnitTest)" classname="com.qa.dto.WindowDTOUnitTest" time="0.001"/>
  <testcase name="windowIdNotEqual on windowIdNotEqual(com.qa.dto.WindowDTOUnitTest)" classname="com.qa.dto.WindowDTOUnitTest" time="0"/>
  <testcase name="testGetAllDoors on testGetAllDoors(com.qa.rest.DoorControllerIntegrationTest)" classname="com.qa.rest.DoorControllerIntegrationTest" time="4.549"/>
  <testcase name="testUpdateDoor on testUpdateDoor(com.qa.rest.DoorControllerIntegrationTest)" classname="com.qa.rest.DoorControllerIntegrationTest" time="3.837"/>
  <testcase name="testGetDoor on testGetDoor(com.qa.rest.DoorControllerIntegrationTest)" classname="com.qa.rest.DoorControllerIntegrationTest" time="3.353"/>
  <testcase name="testCreateDoor on testCreateDoor(com.qa.rest.DoorControllerIntegrationTest)" classname="com.qa.rest.DoorControllerIntegrationTest" time="3.17"/>
  <testcase name="testDeleteDoor on testDeleteDoor(com.qa.rest.DoorControllerIntegrationTest)" classname="com.qa.rest.DoorControllerIntegrationTest" time="4.625"/>
  <testcase name="findDoorByIDTest on findDoorByIDTest(com.qa.rest.DoorControllerUnitTest)" classname="com.qa.rest.DoorControllerUnitTest" time="0.125"/>
  <testcase name="deleteDoorTest on deleteDoorTest(com.qa.rest.DoorControllerUnitTest)" classname="com.qa.rest.DoorControllerUnitTest" time="0.002"/>
  <testcase name="updateDoorsTest on updateDoorsTest(com.qa.rest.DoorControllerUnitTest)" classname="com.qa.rest.DoorControllerUnitTest" time="0.002"/>
  <testcase name="getAllDoorsTest on getAllDoorsTest(com.qa.rest.DoorControllerUnitTest)" classname="com.qa.rest.DoorControllerUnitTest" time="0.002"/>
  <testcase name="createDoorTest on createDoorTest(com.qa.rest.DoorControllerUnitTest)" classname="com.qa.rest.DoorControllerUnitTest" time="0.001"/>
  <testcase name="testGetAllLifts on testGetAllLifts(com.qa.rest.LiftControllerIntegrationTest)" classname="com.qa.rest.LiftControllerIntegrationTest" time="3.597"/>
  <testcase name="testUpdateLift on testUpdateLift(com.qa.rest.LiftControllerIntegrationTest)" classname="com.qa.rest.LiftControllerIntegrationTest" time="3.798"/>
  <testcase name="testGetLift on testGetLift(com.qa.rest.LiftControllerIntegrationTest)" classname="com.qa.rest.LiftControllerIntegrationTest" time="3.414"/>
  <testcase name="testCreateLift on testCreateLift(com.qa.rest.LiftControllerIntegrationTest)" classname="com.qa.rest.LiftControllerIntegrationTest" time="3.157"/>
  <testcase name="testDeleteLift on testDeleteLift(com.qa.rest.LiftControllerIntegrationTest)" classname="com.qa.rest.LiftControllerIntegrationTest" time="4.917"/>
  <testcase name="getAllLiftsTest on getAllLiftsTest(com.qa.rest.LiftControllerUnitTest)" classname="com.qa.rest.LiftControllerUnitTest" time="0.023"/>
  <testcase name="deleteLiftTest on deleteLiftTest(com.qa.rest.LiftControllerUnitTest)" classname="com.qa.rest.LiftControllerUnitTest" time="0.002"/>
  <testcase name="findLiftByIDTest on findLiftByIDTest(com.qa.rest.LiftControllerUnitTest)" classname="com.qa.rest.LiftControllerUnitTest" time="0.001"/>
  <testcase name="updateLiftsTest on updateLiftsTest(com.qa.rest.LiftControllerUnitTest)" classname="com.qa.rest.LiftControllerUnitTest" time="0.004"/>
  <testcase name="createLiftTest on createLiftTest(com.qa.rest.LiftControllerUnitTest)" classname="com.qa.rest.LiftControllerUnitTest" time="0.002"/>
  <testcase name="testCreateManufacturer on testCreateManufacturer(com.qa.rest.ManufacturerControllerIntegrationTest)" classname="com.qa.rest.ManufacturerControllerIntegrationTest" time="5.717"/>
  <testcase name="testDeleteManufacturer on testDeleteManufacturer(com.qa.rest.ManufacturerControllerIntegrationTest)" classname="com.qa.rest.ManufacturerControllerIntegrationTest" time="4.788"/>
  <testcase name="testGetManufacturer on testGetManufacturer(com.qa.rest.ManufacturerControllerIntegrationTest)" classname="com.qa.rest.ManufacturerControllerIntegrationTest" time="3.794"/>
  <testcase name="testGetAllManufacturers on testGetAllManufacturers(com.qa.rest.ManufacturerControllerIntegrationTest)" classname="com.qa.rest.ManufacturerControllerIntegrationTest" time="3.873"/>
  <testcase name="testUpdateManufacturer on testUpdateManufacturer(com.qa.rest.ManufacturerControllerIntegrationTest)" classname="com.qa.rest.ManufacturerControllerIntegrationTest" time="4.309"/>
  <testcase name="getAllManufacturersTest on getAllManufacturersTest(com.qa.rest.ManufacturerControllerUnitTest)" classname="com.qa.rest.ManufacturerControllerUnitTest" time="0.021"/>
  <testcase name="createManufacturerTest on createManufacturerTest(com.qa.rest.ManufacturerControllerUnitTest)" classname="com.qa.rest.ManufacturerControllerUnitTest" time="0.001"/>
  <testcase name="updateManufacturersTest on updateManufacturersTest(com.qa.rest.ManufacturerControllerUnitTest)" classname="com.qa.rest.ManufacturerControllerUnitTest" time="0.001"/>
  <testcase name="deleteManufacturerTest on deleteManufacturerTest(com.qa.rest.ManufacturerControllerUnitTest)" classname="com.qa.rest.ManufacturerControllerUnitTest" time="0.001"/>
  <testcase name="findManufacturerByIDTest on findManufacturerByIDTest(com.qa.rest.ManufacturerControllerUnitTest)" classname="com.qa.rest.ManufacturerControllerUnitTest" time="0.001"/>
  <testcase name="testCreateWindow on testCreateWindow(com.qa.rest.WindowControllerIntegrationTest)" classname="com.qa.rest.WindowControllerIntegrationTest" time="2.933"/>
  <testcase name="testGetAllWindows on testGetAllWindows(com.qa.rest.WindowControllerIntegrationTest)" classname="com.qa.rest.WindowControllerIntegrationTest" time="3.458"/>
  <testcase name="testUpdateWindow on testUpdateWindow(com.qa.rest.WindowControllerIntegrationTest)" classname="com.qa.rest.WindowControllerIntegrationTest" time="3.775"/>
  <testcase name="testDeleteWindow on testDeleteWindow(com.qa.rest.WindowControllerIntegrationTest)" classname="com.qa.rest.WindowControllerIntegrationTest" time="4.604"/>
  <testcase name="testGetWindow on testGetWindow(com.qa.rest.WindowControllerIntegrationTest)" classname="com.qa.rest.WindowControllerIntegrationTest" time="3.137"/>
  <testcase name="findWindowByIDTest on findWindowByIDTest(com.qa.rest.WindowControllerUnitTest)" classname="com.qa.rest.WindowControllerUnitTest" time="0.02"/>
  <testcase name="createWindowTest on createWindowTest(com.qa.rest.WindowControllerUnitTest)" classname="com.qa.rest.WindowControllerUnitTest" time="0.002"/>
  <testcase name="deleteWindowTest on deleteWindowTest(com.qa.rest.WindowControllerUnitTest)" classname="com.qa.rest.WindowControllerUnitTest" time="0.001"/>
  <testcase name="updateWindowsTest on updateWindowsTest(com.qa.rest.WindowControllerUnitTest)" classname="com.qa.rest.WindowControllerUnitTest" time="0.002"/>
  <testcase name="getAllWindowsTest on getAllWindowsTest(com.qa.rest.WindowControllerUnitTest)" classname="com.qa.rest.WindowControllerUnitTest" time="0.002"/>
  <testcase name="testFindDoorByID on testFindDoorByID(com.qa.service.DoorServiceIntegrationTest)" classname="com.qa.service.DoorServiceIntegrationTest" time="4.461"/>
  <testcase name="testUpdateDoor on testUpdateDoor(com.qa.service.DoorServiceIntegrationTest)" classname="com.qa.service.DoorServiceIntegrationTest" time="3.984"/>
  <testcase name="testReadDoors on testReadDoors(com.qa.service.DoorServiceIntegrationTest)" classname="com.qa.service.DoorServiceIntegrationTest" time="3.456"/>
  <testcase name="testCreateDoor on testCreateDoor(com.qa.service.DoorServiceIntegrationTest)" classname="com.qa.service.DoorServiceIntegrationTest" time="3.129"/>
  <testcase name="testDeleteDoor on testDeleteDoor(com.qa.service.DoorServiceIntegrationTest)" classname="com.qa.service.DoorServiceIntegrationTest" time="4.617"/>
  <testcase name="findDoorByIDTest on findDoorByIDTest(com.qa.service.DoorServiceUnitTest)" classname="com.qa.service.DoorServiceUnitTest" time="0.005"/>
  <testcase name="deleteDoorTest on deleteDoorTest(com.qa.service.DoorServiceUnitTest)" classname="com.qa.service.DoorServiceUnitTest" time="0.002"/>
  <testcase name="updateDoorsTest on updateDoorsTest(com.qa.service.DoorServiceUnitTest)" classname="com.qa.service.DoorServiceUnitTest" time="0.003"/>
  <testcase name="readDoorsTest on readDoorsTest(com.qa.service.DoorServiceUnitTest)" classname="com.qa.service.DoorServiceUnitTest" time="0.002"/>
  <testcase name="createDoorTest on createDoorTest(com.qa.service.DoorServiceUnitTest)" classname="com.qa.service.DoorServiceUnitTest" time="0.003"/>
  <testcase name="testFindLiftByID on testFindLiftByID(com.qa.service.LiftServiceIntegrationTest)" classname="com.qa.service.LiftServiceIntegrationTest" time="3.509"/>
  <testcase name="testUpdateLift on testUpdateLift(com.qa.service.LiftServiceIntegrationTest)" classname="com.qa.service.LiftServiceIntegrationTest" time="4.009"/>
  <testcase name="testReadLifts on testReadLifts(com.qa.service.LiftServiceIntegrationTest)" classname="com.qa.service.LiftServiceIntegrationTest" time="3.536"/>
  <testcase name="testCreateLift on testCreateLift(com.qa.service.LiftServiceIntegrationTest)" classname="com.qa.service.LiftServiceIntegrationTest" time="3.164"/>
  <testcase name="testDeleteLift on testDeleteLift(com.qa.service.LiftServiceIntegrationTest)" classname="com.qa.service.LiftServiceIntegrationTest" time="4.661"/>
  <testcase name="readLiftsTest on readLiftsTest(com.qa.service.LiftServiceUnitTest)" classname="com.qa.service.LiftServiceUnitTest" time="0.003"/>
  <testcase name="deleteLiftTest on deleteLiftTest(com.qa.service.LiftServiceUnitTest)" classname="com.qa.service.LiftServiceUnitTest" time="0.003"/>
  <testcase name="findLiftByIDTest on findLiftByIDTest(com.qa.service.LiftServiceUnitTest)" classname="com.qa.service.LiftServiceUnitTest" time="0.002"/>
  <testcase name="updateLiftsTest on updateLiftsTest(com.qa.service.LiftServiceUnitTest)" classname="com.qa.service.LiftServiceUnitTest" time="0.004"/>
  <testcase name="createLiftTest on createLiftTest(com.qa.service.LiftServiceUnitTest)" classname="com.qa.service.LiftServiceUnitTest" time="0.003"/>
  <testcase name="testDeleteManufacturer on testDeleteManufacturer(com.qa.service.ManufacturerServiceIntegrationTest)" classname="com.qa.service.ManufacturerServiceIntegrationTest" time="7.078"/>
  <testcase name="createManufacturerTest on createManufacturerTest(com.qa.service.ManufacturerServiceUnitTest)" classname="com.qa.service.ManufacturerServiceUnitTest" time="0.003"/>
  <testcase name="updateManufacturersTest on updateManufacturersTest(com.qa.service.ManufacturerServiceUnitTest)" classname="com.qa.service.ManufacturerServiceUnitTest" time="0.006"/>
  <testcase name="deleteManufacturerTest on deleteManufacturerTest(com.qa.service.ManufacturerServiceUnitTest)" classname="com.qa.service.ManufacturerServiceUnitTest" time="0.005"/>
  <testcase name="readManufacturersTest on readManufacturersTest(com.qa.service.ManufacturerServiceUnitTest)" classname="com.qa.service.ManufacturerServiceUnitTest" time="0.005"/>
  <testcase name="findManufacturerByIDTest on findManufacturerByIDTest(com.qa.service.ManufacturerServiceUnitTest)" classname="com.qa.service.ManufacturerServiceUnitTest" time="0.003"/>
  <testcase name="testCreateWindow on testCreateWindow(com.qa.service.WindowServiceIntegrationTest)" classname="com.qa.service.WindowServiceIntegrationTest" time="2.964"/>
  <testcase name="testFindWindowByID on testFindWindowByID(com.qa.service.WindowServiceIntegrationTest)" classname="com.qa.service.WindowServiceIntegrationTest" time="3.392"/>
  <testcase name="testReadWindows on testReadWindows(com.qa.service.WindowServiceIntegrationTest)" classname="com.qa.service.WindowServiceIntegrationTest" time="3.548"/>
  <testcase name="testUpdateWindow on testUpdateWindow(com.qa.service.WindowServiceIntegrationTest)" classname="com.qa.service.WindowServiceIntegrationTest" time="4.051"/>
  <testcase name="testDeleteWindow on testDeleteWindow(com.qa.service.WindowServiceIntegrationTest)" classname="com.qa.service.WindowServiceIntegrationTest" time="4.684"/>
  <testcase name="findWindowByIDTest on findWindowByIDTest(com.qa.service.WindowServiceUnitTest)" classname="com.qa.service.WindowServiceUnitTest" time="0.003"/>
  <testcase name="createWindowTest on createWindowTest(com.qa.service.WindowServiceUnitTest)" classname="com.qa.service.WindowServiceUnitTest" time="0.003"/>
  <testcase name="deleteWindowTest on deleteWindowTest(com.qa.service.WindowServiceUnitTest)" classname="com.qa.service.WindowServiceUnitTest" time="0.004"/>
  <testcase name="updateWindowsTest on updateWindowsTest(com.qa.service.WindowServiceUnitTest)" classname="com.qa.service.WindowServiceUnitTest" time="0.003"/>
  <testcase name="readWindowsTest on readWindowsTest(com.qa.service.WindowServiceUnitTest)" classname="com.qa.service.WindowServiceUnitTest" time="0.002"/>
</testsuite>