<?xml version="1.0" encoding="UTF-8"?>
<!-- Generated by org.testng.reporters.JUnitReportReporter -->
<testsuite skipped="0" hostname="DESKTOP-JIC27MP" name="com.qa.service.ManufacturerServiceUnitTest" tests="5" failures="0" timestamp="20 May 2020 11:21:23 GMT" time="0.199" errors="0">
  <testcase name="readManufacturersTest" time="0.045" classname="com.qa.service.ManufacturerServiceUnitTest"/>
  <testcase name="updateManufacturersTest" time="0.035" classname="com.qa.service.ManufacturerServiceUnitTest"/>
  <testcase name="createManufacturerTest" time="0.029" classname="com.qa.service.ManufacturerServiceUnitTest"/>
  <testcase name="findManufacturerByIDTest" time="0.050" classname="com.qa.service.ManufacturerServiceUnitTest"/>
  <testcase name="deleteManufacturerTest" time="0.040" classname="com.qa.service.ManufacturerServiceUnitTest"/>
</testsuite> <!-- com.qa.service.ManufacturerServiceUnitTest -->
