<?xml version="1.0" encoding="UTF-8"?>
<!-- Generated by org.testng.reporters.JUnitReportReporter -->
<testsuite skipped="0" hostname="DESKTOP-JIC27MP" name="com.qa.service.ManufacturerServiceIntegrationTest" tests="1" failures="0" timestamp="20 May 2020 11:21:23 GMT" time="7.083" errors="0">
  <testcase name="testDeleteManufacturer" time="7.083" classname="com.qa.service.ManufacturerServiceIntegrationTest"/>
</testsuite> <!-- com.qa.service.ManufacturerServiceIntegrationTest -->
