<?xml version="1.0" encoding="UTF-8"?>
<!-- Generated by org.testng.reporters.JUnitReportReporter -->
<testsuite skipped="0" hostname="DESKTOP-JIC27MP" name="com.qa.rest.DoorControllerIntegrationTest" tests="5" failures="0" timestamp="20 May 2020 11:21:23 GMT" time="124.877" errors="0">
  <testcase name="testUpdateDoor" time="21.539" classname="com.qa.rest.DoorControllerIntegrationTest"/>
  <testcase name="testGetDoor" time="24.892" classname="com.qa.rest.DoorControllerIntegrationTest"/>
  <testcase name="testDeleteDoor" time="32.689" classname="com.qa.rest.DoorControllerIntegrationTest"/>
  <testcase name="testCreateDoor" time="28.063" classname="com.qa.rest.DoorControllerIntegrationTest"/>
  <testcase name="testGetAllDoors" time="17.694" classname="com.qa.rest.DoorControllerIntegrationTest"/>
</testsuite> <!-- com.qa.rest.DoorControllerIntegrationTest -->
