<?xml version="1.0" encoding="UTF-8"?>
<!-- Generated by org.testng.reporters.JUnitReportReporter -->
<testsuite skipped="0" hostname="DESKTOP-JIC27MP" name="com.qa.rest.WindowControllerUnitTest" tests="5" failures="0" timestamp="20 May 2020 11:21:23 GMT" time="0.122" errors="0">
  <testcase name="updateWindowsTest" time="0.026" classname="com.qa.rest.WindowControllerUnitTest"/>
  <testcase name="createWindowTest" time="0.023" classname="com.qa.rest.WindowControllerUnitTest"/>
  <testcase name="deleteWindowTest" time="0.024" classname="com.qa.rest.WindowControllerUnitTest"/>
  <testcase name="getAllWindowsTest" time="0.028" classname="com.qa.rest.WindowControllerUnitTest"/>
  <testcase name="findWindowByIDTest" time="0.021" classname="com.qa.rest.WindowControllerUnitTest"/>
</testsuite> <!-- com.qa.rest.WindowControllerUnitTest -->
