<?xml version="1.0" encoding="UTF-8"?>
<!-- Generated by org.testng.reporters.JUnitReportReporter -->
<testsuite skipped="0" hostname="DESKTOP-JIC27MP" name="com.qa.dto.LiftDTOUnitTest" tests="10" failures="0" timestamp="20 May 2020 11:21:23 GMT" time="0.007" errors="0">
  <testcase name="hashCodeTest" time="0.001" classname="com.qa.dto.LiftDTOUnitTest"/>
  <testcase name="equalsWithNull" time="0.001" classname="com.qa.dto.LiftDTOUnitTest"/>
  <testcase name="createLiftWithId" time="0.001" classname="com.qa.dto.LiftDTOUnitTest"/>
  <testcase name="hashCodeTestWithNull" time="0.001" classname="com.qa.dto.LiftDTOUnitTest"/>
  <testcase name="checkEqualityBetweenDifferentObjects" time="0.000" classname="com.qa.dto.LiftDTOUnitTest"/>
  <testcase name="constructorWithoutId" time="0.000" classname="com.qa.dto.LiftDTOUnitTest"/>
  <testcase name="checkEquality" time="0.001" classname="com.qa.dto.LiftDTOUnitTest"/>
  <testcase name="equalsWithDifferentObject" time="0.001" classname="com.qa.dto.LiftDTOUnitTest"/>
  <testcase name="emptyConstructor" time="0.001" classname="com.qa.dto.LiftDTOUnitTest"/>
  <testcase name="liftIdNotEqual" time="0.000" classname="com.qa.dto.LiftDTOUnitTest"/>
</testsuite> <!-- com.qa.dto.LiftDTOUnitTest -->
