<?xml version="1.0" encoding="UTF-8"?>
<!-- Generated by org.testng.reporters.JUnitReportReporter -->
<testsuite skipped="0" hostname="DESKTOP-JIC27MP" name="com.qa.service.DoorServiceIntegrationTest" tests="5" failures="0" timestamp="20 May 2020 11:21:23 GMT" time="124.151" errors="0">
  <testcase name="testFindDoorByID" time="17.394" classname="com.qa.service.DoorServiceIntegrationTest"/>
  <testcase name="testDeleteDoor" time="32.582" classname="com.qa.service.DoorServiceIntegrationTest"/>
  <testcase name="testUpdateDoor" time="21.377" classname="com.qa.service.DoorServiceIntegrationTest"/>
  <testcase name="testCreateDoor" time="27.964" classname="com.qa.service.DoorServiceIntegrationTest"/>
  <testcase name="testReadDoors" time="24.834" classname="com.qa.service.DoorServiceIntegrationTest"/>
</testsuite> <!-- com.qa.service.DoorServiceIntegrationTest -->
