<?xml version="1.0" encoding="UTF-8"?>
<!-- Generated by org.testng.reporters.JUnitReportReporter -->
<testsuite skipped="0" hostname="DESKTOP-JIC27MP" name="com.qa.rest.LiftControllerIntegrationTest" tests="5" failures="0" timestamp="20 May 2020 11:21:23 GMT" time="54.673" errors="0">
  <testcase name="testCreateLift" time="13.971" classname="com.qa.rest.LiftControllerIntegrationTest"/>
  <testcase name="testGetLift" time="10.813" classname="com.qa.rest.LiftControllerIntegrationTest"/>
  <testcase name="testGetAllLifts" time="3.601" classname="com.qa.rest.LiftControllerIntegrationTest"/>
  <testcase name="testDeleteLift" time="18.889" classname="com.qa.rest.LiftControllerIntegrationTest"/>
  <testcase name="testUpdateLift" time="7.399" classname="com.qa.rest.LiftControllerIntegrationTest"/>
</testsuite> <!-- com.qa.rest.LiftControllerIntegrationTest -->
